<?xml version="1.0" encoding="UTF-8"?>
<coverage generated="1769985948641" clover="3.2.0">
  <project timestamp="1769985948641" name="All files">
    <metrics statements="507" coveredstatements="469" conditionals="341" coveredconditionals="299" methods="153" coveredmethods="127" elements="1001" coveredelements="895" complexity="0" loc="507" ncloc="507" packages="12" files="47" classes="47"/>
    <package name="components">
      <metrics statements="55" coveredstatements="55" conditionals="52" coveredconditionals="46" methods="26" coveredmethods="26"/>
      <file name="ActiveFilters.tsx" path="/Users/sudheer/Desktop/recipe-1/components/ActiveFilters.tsx">
        <metrics statements="8" coveredstatements="8" conditionals="4" coveredconditionals="4" methods="7" coveredmethods="7"/>
        <line num="38" count="17" type="stmt"/>
        <line num="44" count="16" type="cond" truecount="4" falsecount="0"/>
        <line num="45" count="13" type="stmt"/>
        <line num="51" count="3" type="stmt"/>
        <line num="56" count="1" type="stmt"/>
        <line num="60" count="2" type="stmt"/>
        <line num="65" count="1" type="stmt"/>
        <line num="90" count="5" type="stmt"/>
      </file>
      <file name="EmptyState.tsx" path="/Users/sudheer/Desktop/recipe-1/components/EmptyState.tsx">
        <metrics statements="2" coveredstatements="2" conditionals="12" coveredconditionals="9" methods="1" coveredmethods="1"/>
        <line num="35" count="8" type="stmt"/>
        <line num="40" count="8" type="cond" truecount="3" falsecount="0"/>
      </file>
      <file name="ErrorState.tsx" path="/Users/sudheer/Desktop/recipe-1/components/ErrorState.tsx">
        <metrics statements="1" coveredstatements="1" conditionals="1" coveredconditionals="1" methods="2" coveredmethods="2"/>
        <line num="6" count="8" type="stmt"/>
      </file>
      <file name="Pagination.tsx" path="/Users/sudheer/Desktop/recipe-1/components/Pagination.tsx">
        <metrics statements="34" coveredstatements="34" conditionals="27" coveredconditionals="24" methods="10" coveredmethods="10"/>
        <line num="20" count="7" type="stmt"/>
        <line num="21" count="7" type="stmt"/>
        <line num="22" count="7" type="stmt"/>
        <line num="24" count="7" type="cond" truecount="2" falsecount="0"/>
        <line num="26" count="6" type="stmt"/>
        <line num="27" count="24" type="stmt"/>
        <line num="29" count="6" type="stmt"/>
        <line num="33" count="1" type="stmt"/>
        <line num="36" count="1" type="stmt"/>
        <line num="37" count="1" type="stmt"/>
        <line num="39" count="1" type="stmt"/>
        <line num="40" count="1" type="stmt"/>
        <line num="43" count="1" type="cond" truecount="1" falsecount="1"/>
        <line num="44" count="1" type="stmt"/>
        <line num="48" count="1" type="stmt"/>
        <line num="49" count="5" type="stmt"/>
        <line num="53" count="1" type="cond" truecount="1" falsecount="1"/>
        <line num="54" count="1" type="stmt"/>
        <line num="58" count="1" type="stmt"/>
        <line num="60" count="1" type="stmt"/>
        <line num="84" count="10" type="stmt"/>
        <line num="85" count="9" type="cond" truecount="2" falsecount="0"/>
        <line num="86" count="2" type="stmt"/>
        <line num="89" count="7" type="stmt"/>
        <line num="95" count="1" type="cond" truecount="2" falsecount="0"/>
        <line num="102" count="33" type="cond" truecount="2" falsecount="0"/>
        <line num="103" count="2" type="stmt"/>
        <line num="106" count="31" type="stmt"/>
        <line num="107" count="31" type="stmt"/>
        <line num="109" count="31" type="stmt"/>
        <line num="112" count="1" type="stmt"/>
        <line num="125" count="1" type="cond" truecount="2" falsecount="0"/>
        <line num="177" count="7" type="cond" truecount="4" falsecount="0"/>
        <line num="200" count="7" type="cond" truecount="4" falsecount="0"/>
      </file>
      <file name="SearchBar.tsx" path="/Users/sudheer/Desktop/recipe-1/components/SearchBar.tsx">
        <metrics statements="7" coveredstatements="7" conditionals="2" coveredconditionals="2" methods="5" coveredmethods="5"/>
        <line num="1" count="2" type="stmt"/>
        <line num="34" count="16" type="stmt"/>
        <line num="39" count="20" type="stmt"/>
        <line num="41" count="20" type="stmt"/>
        <line num="42" count="1" type="stmt"/>
        <line num="43" count="1" type="stmt"/>
        <line num="80" count="5" type="stmt"/>
      </file>
      <file name="SearchResultsState.tsx" path="/Users/sudheer/Desktop/recipe-1/components/SearchResultsState.tsx">
        <metrics statements="3" coveredstatements="3" conditionals="6" coveredconditionals="6" methods="1" coveredmethods="1"/>
        <line num="6" count="18" type="stmt"/>
        <line num="7" count="17" type="cond" truecount="2" falsecount="0"/>
        <line num="16" count="13" type="cond" truecount="4" falsecount="0"/>
      </file>
    </package>
    <package name="components.FilterPanel">
      <metrics statements="26" coveredstatements="23" conditionals="7" coveredconditionals="5" methods="13" coveredmethods="8"/>
      <file name="ChevronIcon.tsx" path="/Users/sudheer/Desktop/recipe-1/components/FilterPanel/ChevronIcon.tsx">
        <metrics statements="1" coveredstatements="1" conditionals="2" coveredconditionals="1" methods="1" coveredmethods="1"/>
        <line num="5" count="24" type="stmt"/>
      </file>
      <file name="FilterCheckbox.tsx" path="/Users/sudheer/Desktop/recipe-1/components/FilterPanel/FilterCheckbox.tsx">
        <metrics statements="3" coveredstatements="3" conditionals="0" coveredconditionals="0" methods="1" coveredmethods="1"/>
        <line num="1" count="2" type="stmt"/>
        <line num="10" count="4" type="stmt"/>
        <line num="11" count="4" type="stmt"/>
      </file>
      <file name="FilterCheckboxGroup.tsx" path="/Users/sudheer/Desktop/recipe-1/components/FilterPanel/FilterCheckboxGroup.tsx">
        <metrics statements="5" coveredstatements="4" conditionals="2" coveredconditionals="2" methods="3" coveredmethods="2"/>
        <line num="1" count="2" type="stmt"/>
        <line num="10" count="24" type="stmt"/>
        <line num="16" count="24" type="cond" truecount="2" falsecount="0"/>
        <line num="23" count="4" type="stmt"/>
        <line num="27" count="0" type="stmt"/>
      </file>
      <file name="FilterPanel.tsx" path="/Users/sudheer/Desktop/recipe-1/components/FilterPanel/FilterPanel.tsx">
        <metrics statements="12" coveredstatements="10" conditionals="1" coveredconditionals="1" methods="7" coveredmethods="3"/>
        <line num="1" count="2" type="stmt"/>
        <line num="3" count="2" type="stmt"/>
        <line num="4" count="2" type="stmt"/>
        <line num="39" count="13" type="stmt"/>
        <line num="48" count="12" type="stmt"/>
        <line num="49" count="12" type="stmt"/>
        <line num="51" count="12" type="stmt"/>
        <line num="52" count="0" type="stmt"/>
        <line num="55" count="12" type="stmt"/>
        <line num="56" count="0" type="stmt"/>
        <line num="69" count="2" type="stmt"/>
        <line num="78" count="2" type="stmt"/>
      </file>
      <file name="FilterSection.tsx" path="/Users/sudheer/Desktop/recipe-1/components/FilterPanel/FilterSection.tsx">
        <metrics statements="4" coveredstatements="4" conditionals="2" coveredconditionals="1" methods="1" coveredmethods="1"/>
        <line num="1" count="2" type="stmt"/>
        <line num="2" count="2" type="stmt"/>
        <line num="11" count="24" type="stmt"/>
        <line num="12" count="24" type="stmt"/>
      </file>
      <file name="index.ts" path="/Users/sudheer/Desktop/recipe-1/components/FilterPanel/index.ts">
        <metrics statements="1" coveredstatements="1" conditionals="0" coveredconditionals="0" methods="0" coveredmethods="0"/>
        <line num="1" count="13" type="stmt"/>
      </file>
    </package>
    <package name="components.LoadingState">
      <metrics statements="9" coveredstatements="9" conditionals="2" coveredconditionals="2" methods="4" coveredmethods="4"/>
      <file name="LoadingState.tsx" path="/Users/sudheer/Desktop/recipe-1/components/LoadingState/LoadingState.tsx">
        <metrics statements="2" coveredstatements="2" conditionals="1" coveredconditionals="1" methods="1" coveredmethods="1"/>
        <line num="1" count="3" type="stmt"/>
        <line num="7" count="15" type="cond" truecount="1" falsecount="0"/>
      </file>
      <file name="MealCardSkeleton.tsx" path="/Users/sudheer/Desktop/recipe-1/components/LoadingState/MealCardSkeleton.tsx">
        <metrics statements="1" coveredstatements="1" conditionals="0" coveredconditionals="0" methods="1" coveredmethods="1"/>
        <line num="1" count="34" type="stmt"/>
      </file>
      <file name="MealGridSkeleton.tsx" path="/Users/sudheer/Desktop/recipe-1/components/LoadingState/MealGridSkeleton.tsx">
        <metrics statements="3" coveredstatements="3" conditionals="1" coveredconditionals="1" methods="2" coveredmethods="2"/>
        <line num="1" count="3" type="stmt"/>
        <line num="7" count="6" type="cond" truecount="1" falsecount="0"/>
        <line num="16" count="33" type="stmt"/>
      </file>
      <file name="index.ts" path="/Users/sudheer/Desktop/recipe-1/components/LoadingState/index.ts">
        <metrics statements="3" coveredstatements="3" conditionals="0" coveredconditionals="0" methods="0" coveredmethods="0"/>
        <line num="1" count="15" type="stmt"/>
        <line num="2" count="3" type="stmt"/>
        <line num="3" count="6" type="stmt"/>
      </file>
    </package>
    <package name="components.MealCard">
      <metrics statements="9" coveredstatements="9" conditionals="7" coveredconditionals="7" methods="1" coveredmethods="1"/>
      <file name="MealCard.tsx" path="/Users/sudheer/Desktop/recipe-1/components/MealCard/MealCard.tsx">
        <metrics statements="8" coveredstatements="8" conditionals="7" coveredconditionals="7" methods="1" coveredmethods="1"/>
        <line num="1" count="2" type="stmt"/>
        <line num="2" count="2" type="stmt"/>
        <line num="3" count="2" type="stmt"/>
        <line num="4" count="2" type="stmt"/>
        <line num="5" count="2" type="stmt"/>
        <line num="6" count="2" type="stmt"/>
        <line num="40" count="4" type="stmt"/>
        <line num="50" count="3" type="cond" truecount="2" falsecount="0"/>
      </file>
      <file name="index.ts" path="/Users/sudheer/Desktop/recipe-1/components/MealCard/index.ts">
        <metrics statements="1" coveredstatements="1" conditionals="0" coveredconditionals="0" methods="0" coveredmethods="0"/>
        <line num="1" count="4" type="stmt"/>
      </file>
    </package>
    <package name="components.MealDetail">
      <metrics statements="21" coveredstatements="21" conditionals="7" coveredconditionals="6" methods="9" coveredmethods="9"/>
      <file name="IngredientList.tsx" path="/Users/sudheer/Desktop/recipe-1/components/MealDetail/IngredientList.tsx">
        <metrics statements="3" coveredstatements="3" conditionals="2" coveredconditionals="1" methods="2" coveredmethods="2"/>
        <line num="7" count="9" type="stmt"/>
        <line num="8" count="9" type="cond" truecount="1" falsecount="1"/>
        <line num="15" count="18" type="stmt"/>
      </file>
      <file name="Instructions.tsx" path="/Users/sudheer/Desktop/recipe-1/components/MealDetail/Instructions.tsx">
        <metrics statements="3" coveredstatements="3" conditionals="0" coveredconditionals="0" methods="3" coveredmethods="3"/>
        <line num="5" count="9" type="stmt"/>
        <line num="6" count="27" type="stmt"/>
        <line num="11" count="27" type="stmt"/>
      </file>
      <file name="MealDetailContent.tsx" path="/Users/sudheer/Desktop/recipe-1/components/MealDetail/MealDetailContent.tsx">
        <metrics statements="10" coveredstatements="10" conditionals="5" coveredconditionals="5" methods="3" coveredmethods="3"/>
        <line num="2" count="1" type="stmt"/>
        <line num="3" count="1" type="stmt"/>
        <line num="4" count="1" type="stmt"/>
        <line num="5" count="1" type="stmt"/>
        <line num="6" count="1" type="stmt"/>
        <line num="13" count="1" type="stmt"/>
        <line num="15" count="9" type="stmt"/>
        <line num="17" count="9" type="cond" truecount="2" falsecount="0"/>
        <line num="20" count="16" type="stmt"/>
        <line num="48" count="16" type="stmt"/>
      </file>
      <file name="YoutubeLink.tsx" path="/Users/sudheer/Desktop/recipe-1/components/MealDetail/YoutubeLink.tsx">
        <metrics statements="1" coveredstatements="1" conditionals="0" coveredconditionals="0" methods="1" coveredmethods="1"/>
        <line num="6" count="8" type="stmt"/>
      </file>
      <file name="index.ts" path="/Users/sudheer/Desktop/recipe-1/components/MealDetail/index.ts">
        <metrics statements="4" coveredstatements="4" conditionals="0" coveredconditionals="0" methods="0" coveredmethods="0"/>
        <line num="1" count="9" type="stmt"/>
        <line num="2" count="1" type="stmt"/>
        <line num="3" count="1" type="stmt"/>
        <line num="4" count="1" type="stmt"/>
      </file>
    </package>
    <package name="components.ui">
      <metrics statements="16" coveredstatements="16" conditionals="15" coveredconditionals="13" methods="9" coveredmethods="9"/>
      <file name="BackLink.tsx" path="/Users/sudheer/Desktop/recipe-1/components/ui/BackLink.tsx">
        <metrics statements="2" coveredstatements="2" conditionals="2" coveredconditionals="1" methods="1" coveredmethods="1"/>
        <line num="1" count="1" type="stmt"/>
        <line num="8" count="12" type="stmt"/>
      </file>
      <file name="CardContent.tsx" path="/Users/sudheer/Desktop/recipe-1/components/ui/CardContent.tsx">
        <metrics statements="1" coveredstatements="1" conditionals="0" coveredconditionals="0" methods="1" coveredmethods="1"/>
        <line num="5" count="3" type="stmt"/>
      </file>
      <file name="CardTags.tsx" path="/Users/sudheer/Desktop/recipe-1/components/ui/CardTags.tsx">
        <metrics statements="1" coveredstatements="1" conditionals="0" coveredconditionals="0" methods="1" coveredmethods="1"/>
        <line num="5" count="3" type="stmt"/>
      </file>
      <file name="CardTitle.tsx" path="/Users/sudheer/Desktop/recipe-1/components/ui/CardTitle.tsx">
        <metrics statements="1" coveredstatements="1" conditionals="1" coveredconditionals="1" methods="1" coveredmethods="1"/>
        <line num="6" count="3" type="cond" truecount="1" falsecount="0"/>
      </file>
      <file name="CoverImage.tsx" path="/Users/sudheer/Desktop/recipe-1/components/ui/CoverImage.tsx">
        <metrics statements="3" coveredstatements="3" conditionals="8" coveredconditionals="7" methods="1" coveredmethods="1"/>
        <line num="1" count="3" type="stmt"/>
        <line num="12" count="3" type="stmt"/>
        <line num="14" count="12" type="stmt"/>
      </file>
      <file name="LinkCard.tsx" path="/Users/sudheer/Desktop/recipe-1/components/ui/LinkCard.tsx">
        <metrics statements="2" coveredstatements="2" conditionals="0" coveredconditionals="0" methods="1" coveredmethods="1"/>
        <line num="1" count="2" type="stmt"/>
        <line num="8" count="3" type="stmt"/>
      </file>
      <file name="PageLayout.tsx" path="/Users/sudheer/Desktop/recipe-1/components/ui/PageLayout.tsx">
        <metrics statements="2" coveredstatements="2" conditionals="1" coveredconditionals="1" methods="1" coveredmethods="1"/>
        <line num="1" count="1" type="stmt"/>
        <line num="9" count="24" type="stmt"/>
      </file>
      <file name="Spinner.tsx" path="/Users/sudheer/Desktop/recipe-1/components/ui/Spinner.tsx">
        <metrics statements="1" coveredstatements="1" conditionals="0" coveredconditionals="0" methods="1" coveredmethods="1"/>
        <line num="1" count="15" type="stmt"/>
      </file>
      <file name="Tag.tsx" path="/Users/sudheer/Desktop/recipe-1/components/ui/Tag.tsx">
        <metrics statements="3" coveredstatements="3" conditionals="3" coveredconditionals="3" methods="1" coveredmethods="1"/>
        <line num="9" count="3" type="stmt"/>
        <line num="15" count="36" type="cond" truecount="1" falsecount="0"/>
        <line num="16" count="36" type="cond" truecount="2" falsecount="0"/>
      </file>
    </package>
    <package name="hooks">
      <metrics statements="85" coveredstatements="81" conditionals="56" coveredconditionals="50" methods="26" coveredmethods="21"/>
      <file name="useMealsQuery.ts" path="/Users/sudheer/Desktop/recipe-1/hooks/useMealsQuery.ts">
        <metrics statements="32" coveredstatements="32" conditionals="28" coveredconditionals="27" methods="9" coveredmethods="9"/>
        <line num="1" count="2" type="stmt"/>
        <line num="2" count="2" type="stmt"/>
        <line num="4" count="2" type="stmt"/>
        <line num="5" count="2" type="stmt"/>
        <line num="6" count="2" type="stmt"/>
        <line num="8" count="25" type="stmt"/>
        <line num="9" count="25" type="cond" truecount="3" falsecount="0"/>
        <line num="11" count="25" type="stmt"/>
        <line num="17" count="25" type="stmt"/>
        <line num="23" count="25" type="stmt"/>
        <line num="25" count="5" type="stmt"/>
        <line num="29" count="25" type="cond" truecount="4" falsecount="0"/>
        <line num="31" count="25" type="stmt"/>
        <line num="32" count="19" type="stmt"/>
        <line num="33" count="19" type="stmt"/>
        <line num="35" count="4" type="stmt"/>
        <line num="39" count="25" type="stmt"/>
        <line num="40" count="10" type="stmt"/>
        <line num="42" count="4" type="stmt"/>
        <line num="47" count="25" type="stmt"/>
        <line num="48" count="25" type="stmt"/>
        <line num="49" count="25" type="stmt"/>
        <line num="50" count="10" type="stmt"/>
        <line num="51" count="10" type="stmt"/>
        <line num="52" count="10" type="cond" truecount="4" falsecount="0"/>
        <line num="53" count="6" type="stmt"/>
        <line num="56" count="25" type="stmt"/>
        <line num="60" count="25" type="cond" truecount="4" falsecount="0"/>
        <line num="62" count="25" type="cond" truecount="3" falsecount="0"/>
        <line num="63" count="25" type="cond" truecount="2" falsecount="0"/>
        <line num="64" count="25" type="cond" truecount="1" falsecount="1"/>
        <line num="66" count="25" type="stmt"/>
      </file>
      <file name="useUrlState.ts" path="/Users/sudheer/Desktop/recipe-1/hooks/useUrlState.ts">
        <metrics statements="53" coveredstatements="49" conditionals="28" coveredconditionals="23" methods="17" coveredmethods="12"/>
        <line num="1" count="2" type="stmt"/>
        <line num="2" count="2" type="stmt"/>
        <line num="3" count="2" type="stmt"/>
        <line num="7" count="2" type="stmt"/>
        <line num="10" count="13" type="stmt"/>
        <line num="11" count="13" type="stmt"/>
        <line num="12" count="13" type="stmt"/>
        <line num="13" count="0" type="stmt"/>
        <line num="15" count="13" type="stmt"/>
        <line num="18" count="25" type="stmt"/>
        <line num="19" count="25" type="stmt"/>
        <line num="20" count="25" type="stmt"/>
        <line num="22" count="25" type="cond" truecount="2" falsecount="0"/>
        <line num="28" count="25" type="stmt"/>
        <line num="30" count="16" type="stmt"/>
        <line num="37" count="16" type="stmt"/>
        <line num="38" count="16" type="stmt"/>
        <line num="39" count="16" type="cond" truecount="2" falsecount="0"/>
        <line num="41" count="16" type="stmt"/>
        <line num="42" count="13" type="cond" truecount="1" falsecount="1"/>
        <line num="43" count="13" type="stmt"/>
        <line num="45" count="0" type="stmt"/>
        <line num="49" count="16" type="cond" truecount="2" falsecount="0"/>
        <line num="50" count="5" type="cond" truecount="2" falsecount="0"/>
        <line num="51" count="1" type="stmt"/>
        <line num="53" count="5" type="stmt"/>
        <line num="55" count="11" type="cond" truecount="2" falsecount="0"/>
        <line num="56" count="1" type="stmt"/>
        <line num="57" count="1" type="stmt"/>
        <line num="59" count="11" type="stmt"/>
        <line num="65" count="25" type="stmt"/>
        <line num="66" count="22" type="stmt"/>
        <line num="67" count="22" type="cond" truecount="2" falsecount="0"/>
        <line num="68" count="3" type="stmt"/>
        <line num="73" count="25" type="stmt"/>
        <line num="75" count="5" type="stmt"/>
        <line num="80" count="25" type="stmt"/>
        <line num="82" count="5" type="cond" truecount="1" falsecount="1"/>
        <line num="83" count="0" type="stmt"/>
        <line num="85" count="5" type="stmt"/>
        <line num="90" count="25" type="stmt"/>
        <line num="92" count="3" type="cond" truecount="1" falsecount="1"/>
        <line num="93" count="0" type="stmt"/>
        <line num="95" count="3" type="stmt"/>
        <line num="100" count="25" type="stmt"/>
        <line num="102" count="1" type="stmt"/>
        <line num="103" count="1" type="stmt"/>
        <line num="108" count="25" type="stmt"/>
        <line num="110" count="1" type="stmt"/>
        <line num="111" count="1" type="stmt"/>
        <line num="116" count="25" type="stmt"/>
        <line num="118" count="1" type="stmt"/>
        <line num="123" count="25" type="stmt"/>
      </file>
    </package>
    <package name="lib">
      <metrics statements="132" coveredstatements="131" conditionals="108" coveredconditionals="97" methods="29" coveredmethods="29"/>
      <file name="api.ts" path="/Users/sudheer/Desktop/recipe-1/lib/api.ts">
        <metrics statements="70" coveredstatements="70" conditionals="56" coveredconditionals="51" methods="12" coveredmethods="12"/>
        <line num="14" count="4" type="stmt"/>
        <line num="18" count="5" type="stmt"/>
        <line num="19" count="71" type="stmt"/>
        <line num="20" count="71" type="stmt"/>
        <line num="22" count="67" type="cond" truecount="2" falsecount="0"/>
        <line num="23" count="3" type="stmt"/>
        <line num="32" count="64" type="stmt"/>
        <line num="33" count="64" type="stmt"/>
        <line num="35" count="4" type="cond" truecount="4" falsecount="0"/>
        <line num="36" count="2" type="stmt"/>
        <line num="41" count="2" type="stmt"/>
        <line num="51" count="3" type="stmt"/>
        <line num="55" count="3" type="stmt"/>
        <line num="59" count="3" type="cond" truecount="2" falsecount="0"/>
        <line num="60" count="2" type="cond" truecount="2" falsecount="0"/>
        <line num="63" count="2" type="stmt"/>
        <line num="67" count="2" type="stmt"/>
        <line num="68" count="2" type="cond" truecount="1" falsecount="1"/>
        <line num="69" count="2" type="cond" truecount="2" falsecount="0"/>
        <line num="70" count="2" type="stmt"/>
        <line num="73" count="2" type="stmt"/>
        <line num="77" count="2" type="stmt"/>
        <line num="81" count="2" type="cond" truecount="1" falsecount="1"/>
        <line num="82" count="2" type="cond" truecount="2" falsecount="0"/>
        <line num="85" count="2" type="stmt"/>
        <line num="89" count="2" type="stmt"/>
        <line num="93" count="2" type="cond" truecount="1" falsecount="1"/>
        <line num="94" count="2" type="cond" truecount="2" falsecount="0"/>
        <line num="97" count="2" type="stmt"/>
        <line num="98" count="2" type="stmt"/>
        <line num="99" count="2" type="cond" truecount="1" falsecount="1"/>
        <line num="100" count="2" type="cond" truecount="2" falsecount="0"/>
        <line num="103" count="2" type="stmt"/>
        <line num="104" count="2" type="stmt"/>
        <line num="105" count="2" type="cond" truecount="1" falsecount="1"/>
        <line num="106" count="2" type="cond" truecount="2" falsecount="0"/>
        <line num="109" count="3" type="stmt"/>
        <line num="110" count="3" type="stmt"/>
        <line num="111" count="3" type="stmt"/>
        <line num="113" count="3" type="stmt"/>
        <line num="114" count="53" type="stmt"/>
        <line num="115" count="53" type="cond" truecount="2" falsecount="0"/>
        <line num="116" count="2" type="cond" truecount="2" falsecount="0"/>
        <line num="117" count="1" type="stmt"/>
        <line num="119" count="51" type="cond" truecount="2" falsecount="0"/>
        <line num="120" count="1" type="stmt"/>
        <line num="124" count="2" type="stmt"/>
        <line num="127" count="13" type="stmt"/>
        <line num="128" count="13" type="stmt"/>
        <line num="130" count="13" type="stmt"/>
        <line num="131" count="260" type="stmt"/>
        <line num="132" count="260" type="stmt"/>
        <line num="134" count="260" type="cond" truecount="4" falsecount="0"/>
        <line num="135" count="22" type="stmt"/>
        <line num="142" count="13" type="stmt"/>
        <line num="145" count="6" type="stmt"/>
        <line num="151" count="6" type="cond" truecount="4" falsecount="0"/>
        <line num="152" count="1" type="stmt"/>
        <line num="155" count="5" type="stmt"/>
        <line num="156" count="16" type="stmt"/>
        <line num="157" count="16" type="cond" truecount="2" falsecount="0"/>
        <line num="159" count="15" type="cond" truecount="2" falsecount="0"/>
        <line num="160" count="15" type="cond" truecount="2" falsecount="0"/>
        <line num="162" count="15" type="cond" truecount="2" falsecount="0"/>
        <line num="166" count="25" type="stmt"/>
        <line num="171" count="25" type="stmt"/>
        <line num="172" count="25" type="stmt"/>
        <line num="173" count="25" type="stmt"/>
        <line num="174" count="25" type="stmt"/>
        <line num="176" count="25" type="stmt"/>
      </file>
      <file name="apiClient.ts" path="/Users/sudheer/Desktop/recipe-1/lib/apiClient.ts">
        <metrics statements="22" coveredstatements="21" conditionals="14" coveredconditionals="8" methods="5" coveredmethods="5"/>
        <line num="5" count="48" type="cond" truecount="4" falsecount="0"/>
        <line num="6" count="48" type="stmt"/>
        <line num="7" count="47" type="stmt"/>
        <line num="8" count="45" type="cond" truecount="1" falsecount="1"/>
        <line num="9" count="0" type="cond" truecount="0" falsecount="2"/>
        <line num="11" count="45" type="stmt"/>
        <line num="14" count="25" type="stmt"/>
        <line num="15" count="13" type="stmt"/>
        <line num="16" count="13" type="stmt"/>
        <line num="19" count="25" type="stmt"/>
        <line num="20" count="13" type="stmt"/>
        <line num="21" count="13" type="stmt"/>
        <line num="24" count="5" type="stmt"/>
        <line num="29" count="5" type="stmt"/>
        <line num="30" count="5" type="cond" truecount="1" falsecount="1"/>
        <line num="31" count="5" type="cond" truecount="1" falsecount="1"/>
        <line num="32" count="5" type="cond" truecount="1" falsecount="1"/>
        <line num="33" count="5" type="stmt"/>
        <line num="34" count="5" type="stmt"/>
        <line num="37" count="17" type="stmt"/>
        <line num="38" count="17" type="stmt"/>
        <line num="39" count="14" type="stmt"/>
      </file>
      <file name="queryParams.ts" path="/Users/sudheer/Desktop/recipe-1/lib/queryParams.ts">
        <metrics statements="38" coveredstatements="38" conditionals="38" coveredconditionals="38" methods="10" coveredmethods="10"/>
        <line num="4" count="5" type="stmt"/>
        <line num="11" count="5" type="stmt"/>
        <line num="13" count="20" type="stmt"/>
        <line num="16" count="134" type="cond" truecount="2" falsecount="0"/>
        <line num="17" count="121" type="cond" truecount="4" falsecount="0"/>
        <line num="18" count="119" type="stmt"/>
        <line num="22" count="134" type="cond" truecount="2" falsecount="0"/>
        <line num="23" count="6" type="stmt"/>
        <line num="25" count="14" type="stmt"/>
        <line num="28" count="128" type="cond" truecount="2" falsecount="0"/>
        <line num="29" count="2" type="stmt"/>
        <line num="30" count="4" type="stmt"/>
        <line num="31" count="4" type="stmt"/>
        <line num="34" count="126" type="stmt"/>
        <line num="38" count="67" type="stmt"/>
        <line num="39" count="67" type="cond" truecount="2" falsecount="0"/>
        <line num="40" count="6" type="stmt"/>
        <line num="41" count="6" type="cond" truecount="4" falsecount="0"/>
        <line num="42" count="3" type="stmt"/>
        <line num="45" count="67" type="stmt"/>
        <line num="46" count="67" type="stmt"/>
        <line num="54" count="29" type="stmt"/>
        <line num="55" count="57" type="stmt"/>
        <line num="57" count="57" type="cond" truecount="4" falsecount="0"/>
        <line num="58" count="12" type="stmt"/>
        <line num="61" count="57" type="cond" truecount="4" falsecount="0"/>
        <line num="62" count="7" type="stmt"/>
        <line num="65" count="57" type="cond" truecount="4" falsecount="0"/>
        <line num="66" count="5" type="stmt"/>
        <line num="69" count="57" type="cond" truecount="4" falsecount="0"/>
        <line num="70" count="3" type="stmt"/>
        <line num="73" count="57" type="stmt"/>
        <line num="76" count="28" type="stmt"/>
        <line num="77" count="28" type="stmt"/>
        <line num="78" count="28" type="stmt"/>
        <line num="79" count="28" type="cond" truecount="2" falsecount="0"/>
        <line num="82" count="5" type="stmt"/>
        <line num="83" count="5" type="stmt"/>
      </file>
      <file name="utils.ts" path="/Users/sudheer/Desktop/recipe-1/lib/utils.ts">
        <metrics statements="2" coveredstatements="2" conditionals="0" coveredconditionals="0" methods="2" coveredmethods="2"/>
        <line num="12" count="6" type="stmt"/>
        <line num="13" count="16" type="stmt"/>
      </file>
    </package>
    <package name="pages">
      <metrics statements="38" coveredstatements="27" conditionals="16" coveredconditionals="15" methods="8" coveredmethods="3"/>
      <file name="_app.tsx" path="/Users/sudheer/Desktop/recipe-1/pages/_app.tsx">
        <metrics statements="4" coveredstatements="0" conditionals="0" coveredconditionals="0" methods="1" coveredmethods="0"/>
        <line num="1" count="0" type="stmt"/>
        <line num="3" count="0" type="stmt"/>
        <line num="5" count="0" type="stmt"/>
        <line num="16" count="0" type="stmt"/>
      </file>
      <file name="_document.tsx" path="/Users/sudheer/Desktop/recipe-1/pages/_document.tsx">
        <metrics statements="2" coveredstatements="0" conditionals="0" coveredconditionals="0" methods="1" coveredmethods="0"/>
        <line num="1" count="0" type="stmt"/>
        <line num="3" count="0" type="stmt"/>
      </file>
      <file name="index.tsx" path="/Users/sudheer/Desktop/recipe-1/pages/index.tsx">
        <metrics statements="32" coveredstatements="27" conditionals="16" coveredconditionals="15" methods="6" coveredmethods="3"/>
        <line num="1" count="1" type="stmt"/>
        <line num="2" count="1" type="stmt"/>
        <line num="3" count="1" type="stmt"/>
        <line num="4" count="1" type="stmt"/>
        <line num="5" count="1" type="stmt"/>
        <line num="6" count="1" type="stmt"/>
        <line num="7" count="1" type="stmt"/>
        <line num="8" count="1" type="stmt"/>
        <line num="9" count="1" type="stmt"/>
        <line num="10" count="1" type="stmt"/>
        <line num="11" count="1" type="stmt"/>
        <line num="12" count="1" type="stmt"/>
        <line num="13" count="1" type="stmt"/>
        <line num="14" count="1" type="stmt"/>
        <line num="16" count="9" type="stmt"/>
        <line num="18" count="12" type="stmt"/>
        <line num="32" count="12" type="stmt"/>
        <line num="39" count="12" type="stmt"/>
        <line num="41" count="12" type="stmt"/>
        <line num="42" count="9" type="stmt"/>
        <line num="45" count="12" type="stmt"/>
        <line num="47" count="0" type="stmt"/>
        <line num="48" count="0" type="stmt"/>
        <line num="53" count="12" type="stmt"/>
        <line num="55" count="0" type="stmt"/>
        <line num="56" count="0" type="stmt"/>
        <line num="61" count="12" type="cond" truecount="3" falsecount="0"/>
        <line num="62" count="12" type="cond" truecount="3" falsecount="0"/>
        <line num="122" count="0" type="cond" truecount="1" falsecount="0"/>
        <line num="136" count="2" type="stmt"/>
        <line num="137" count="2" type="stmt"/>
        <line num="138" count="2" type="stmt"/>
      </file>
    </package>
    <package name="pages.api">
      <metrics statements="26" coveredstatements="20" conditionals="12" coveredconditionals="8" methods="3" coveredmethods="2"/>
      <file name="areas.ts" path="/Users/sudheer/Desktop/recipe-1/pages/api/areas.ts">
        <metrics statements="12" coveredstatements="10" conditionals="6" coveredconditionals="4" methods="1" coveredmethods="1"/>
        <line num="2" count="1" type="stmt"/>
        <line num="7" count="3" type="stmt"/>
        <line num="8" count="3" type="cond" truecount="2" falsecount="0"/>
        <line num="9" count="1" type="stmt"/>
        <line num="10" count="1" type="stmt"/>
        <line num="13" count="2" type="stmt"/>
        <line num="14" count="2" type="stmt"/>
        <line num="15" count="2" type="cond" truecount="2" falsecount="0"/>
        <line num="16" count="1" type="stmt"/>
        <line num="18" count="1" type="stmt"/>
        <line num="20" count="0" type="cond" truecount="0" falsecount="2"/>
        <line num="21" count="0" type="stmt"/>
      </file>
      <file name="categories.ts" path="/Users/sudheer/Desktop/recipe-1/pages/api/categories.ts">
        <metrics statements="12" coveredstatements="10" conditionals="6" coveredconditionals="4" methods="1" coveredmethods="1"/>
        <line num="2" count="1" type="stmt"/>
        <line num="7" count="3" type="stmt"/>
        <line num="8" count="3" type="cond" truecount="2" falsecount="0"/>
        <line num="9" count="1" type="stmt"/>
        <line num="10" count="1" type="stmt"/>
        <line num="13" count="2" type="stmt"/>
        <line num="14" count="2" type="stmt"/>
        <line num="15" count="2" type="cond" truecount="2" falsecount="0"/>
        <line num="16" count="1" type="stmt"/>
        <line num="18" count="1" type="stmt"/>
        <line num="20" count="0" type="cond" truecount="0" falsecount="2"/>
        <line num="21" count="0" type="stmt"/>
      </file>
      <file name="hello.ts" path="/Users/sudheer/Desktop/recipe-1/pages/api/hello.ts">
        <metrics statements="2" coveredstatements="0" conditionals="0" coveredconditionals="0" methods="1" coveredmethods="0"/>
        <line num="8" count="0" type="stmt"/>
        <line num="12" count="0" type="stmt"/>
      </file>
    </package>
    <package name="pages.api.meals">
      <metrics statements="59" coveredstatements="46" conditionals="41" coveredconditionals="34" methods="21" coveredmethods="11"/>
      <file name="[id].ts" path="/Users/sudheer/Desktop/recipe-1/pages/api/meals/[id].ts">
        <metrics statements="16" coveredstatements="14" conditionals="12" coveredconditionals="10" methods="1" coveredmethods="1"/>
        <line num="2" count="1" type="stmt"/>
        <line num="7" count="5" type="stmt"/>
        <line num="8" count="5" type="cond" truecount="2" falsecount="0"/>
        <line num="9" count="1" type="stmt"/>
        <line num="10" count="1" type="stmt"/>
        <line num="13" count="4" type="stmt"/>
        <line num="14" count="4" type="cond" truecount="4" falsecount="0"/>
        <line num="15" count="1" type="stmt"/>
        <line num="18" count="3" type="stmt"/>
        <line num="19" count="3" type="stmt"/>
        <line num="20" count="3" type="cond" truecount="2" falsecount="0"/>
        <line num="21" count="2" type="cond" truecount="2" falsecount="0"/>
        <line num="22" count="2" type="stmt"/>
        <line num="24" count="1" type="stmt"/>
        <line num="26" count="0" type="cond" truecount="0" falsecount="2"/>
        <line num="27" count="0" type="stmt"/>
      </file>
      <file name="index.ts" path="/Users/sudheer/Desktop/recipe-1/pages/api/meals/index.ts">
        <metrics statements="43" coveredstatements="32" conditionals="29" coveredconditionals="24" methods="20" coveredmethods="10"/>
        <line num="2" count="1" type="stmt"/>
        <line num="8" count="2" type="stmt"/>
        <line num="9" count="2" type="stmt"/>
        <line num="10" count="2" type="stmt"/>
        <line num="11" count="2" type="cond" truecount="1" falsecount="1"/>
        <line num="14" count="2" type="stmt"/>
        <line num="17" count="6" type="stmt"/>
        <line num="18" count="6" type="cond" truecount="2" falsecount="0"/>
        <line num="19" count="1" type="stmt"/>
        <line num="20" count="1" type="stmt"/>
        <line num="23" count="5" type="cond" truecount="2" falsecount="0"/>
        <line num="25" count="5" type="cond" truecount="2" falsecount="0"/>
        <line num="28" count="1" type="stmt"/>
        <line num="32" count="5" type="cond" truecount="2" falsecount="0"/>
        <line num="35" count="1" type="stmt"/>
        <line num="39" count="5" type="stmt"/>
        <line num="40" count="5" type="cond" truecount="5" falsecount="0"/>
        <line num="41" count="1" type="stmt"/>
        <line num="44" count="4" type="cond" truecount="2" falsecount="0"/>
        <line num="45" count="2" type="stmt"/>
        <line num="46" count="2" type="cond" truecount="2" falsecount="0"/>
        <line num="47" count="1" type="stmt"/>
        <line num="49" count="1" type="stmt"/>
        <line num="52" count="2" type="cond" truecount="3" falsecount="1"/>
        <line num="53" count="0" type="stmt"/>
        <line num="54" count="0" type="stmt"/>
        <line num="55" count="0" type="stmt"/>
        <line num="57" count="0" type="stmt"/>
        <line num="58" count="0" type="stmt"/>
        <line num="61" count="0" type="stmt"/>
        <line num="62" count="0" type="stmt"/>
        <line num="63" count="0" type="stmt"/>
        <line num="66" count="2" type="cond" truecount="2" falsecount="0"/>
        <line num="67" count="1" type="stmt"/>
        <line num="68" count="1" type="stmt"/>
        <line num="69" count="1" type="stmt"/>
        <line num="72" count="1" type="cond" truecount="1" falsecount="1"/>
        <line num="73" count="1" type="stmt"/>
        <line num="74" count="1" type="stmt"/>
        <line num="75" count="1" type="stmt"/>
        <line num="78" count="0" type="stmt"/>
        <line num="80" count="0" type="cond" truecount="0" falsecount="2"/>
        <line num="81" count="0" type="stmt"/>
      </file>
    </package>
    <package name="pages.meals">
      <metrics statements="31" coveredstatements="31" conditionals="18" coveredconditionals="16" methods="4" coveredmethods="4"/>
      <file name="[id].tsx" path="/Users/sudheer/Desktop/recipe-1/pages/meals/[id].tsx">
        <metrics statements="31" coveredstatements="31" conditionals="18" coveredconditionals="16" methods="4" coveredmethods="4"/>
        <line num="1" count="1" type="stmt"/>
        <line num="2" count="1" type="stmt"/>
        <line num="3" count="1" type="stmt"/>
        <line num="4" count="1" type="stmt"/>
        <line num="5" count="1" type="stmt"/>
        <line num="6" count="1" type="stmt"/>
        <line num="7" count="1" type="stmt"/>
        <line num="8" count="1" type="stmt"/>
        <line num="9" count="1" type="stmt"/>
        <line num="10" count="1" type="stmt"/>
        <line num="12" count="1" type="stmt"/>
        <line num="15" count="25" type="stmt"/>
        <line num="16" count="25" type="stmt"/>
        <line num="17" count="25" type="stmt"/>
        <line num="18" count="25" type="cond" truecount="1" falsecount="1"/>
        <line num="21" count="13" type="stmt"/>
        <line num="22" count="25" type="stmt"/>
        <line num="23" count="25" type="stmt"/>
        <line num="24" count="25" type="cond" truecount="2" falsecount="0"/>
        <line num="25" count="25" type="stmt"/>
        <line num="32" count="25" type="stmt"/>
        <line num="34" count="13" type="stmt"/>
        <line num="38" count="25" type="cond" truecount="2" falsecount="0"/>
        <line num="40" count="25" type="cond" truecount="4" falsecount="0"/>
        <line num="41" count="1" type="stmt"/>
        <line num="44" count="24" type="cond" truecount="2" falsecount="0"/>
        <line num="52" count="12" type="cond" truecount="2" falsecount="0"/>
        <line num="59" count="1" type="stmt"/>
        <line num="64" count="10" type="cond" truecount="2" falsecount="0"/>
        <line num="73" count="9" type="stmt"/>
        <line num="75" count="9" type="cond" truecount="1" falsecount="1"/>
      </file>
    </package>
  </project>
</coverage>
