{"/Users/sudheer/Desktop/recipe-1/components/ActiveFilters.tsx": {"path":"/Users/sudheer/Desktop/recipe-1/components/ActiveFilters.tsx","statementMap":{"0":{"start":{"line":38,"column":24},"end":{"line":38,"column":38}},"1":{"start":{"line":44,"column":2},"end":{"line":46,"column":null}},"2":{"start":{"line":45,"column":4},"end":{"line":45,"column":null}},"3":{"start":{"line":51,"column":8},"end":{"line":52,"column":null}},"4":{"start":{"line":56,"column":26},"end":{"line":56,"column":null}},"5":{"start":{"line":60,"column":8},"end":{"line":61,"column":null}},"6":{"start":{"line":65,"column":26},"end":{"line":65,"column":null}},"7":{"start":{"line":90,"column":19},"end":{"line":99,"column":null}}},"fnMap":{"0":{"name":"ActiveFilters","decl":{"start":{"line":38,"column":24},"end":{"line":38,"column":38}},"loc":{"start":{"line":43,"column":21},"end":{"line":70,"column":null}}},"1":{"name":"(anonymous_2)","decl":{"start":{"line":50,"column":30},"end":{"line":50,"column":31}},"loc":{"start":{"line":51,"column":8},"end":{"line":52,"column":null}}},"2":{"name":"(anonymous_3)","decl":{"start":{"line":56,"column":20},"end":{"line":56,"column":26}},"loc":{"start":{"line":56,"column":26},"end":{"line":56,"column":null}}},"3":{"name":"(anonymous_4)","decl":{"start":{"line":59,"column":25},"end":{"line":59,"column":26}},"loc":{"start":{"line":60,"column":8},"end":{"line":61,"column":null}}},"4":{"name":"(anonymous_5)","decl":{"start":{"line":65,"column":20},"end":{"line":65,"column":26}},"loc":{"start":{"line":65,"column":26},"end":{"line":65,"column":null}}},"5":{"name":"FilterBadgeGroup","decl":{"start":{"line":78,"column":9},"end":{"line":78,"column":26}},"loc":{"start":{"line":78,"column":61},"end":{"line":80,"column":null}}},"6":{"name":"FilterBadge","decl":{"start":{"line":89,"column":9},"end":{"line":89,"column":21}},"loc":{"start":{"line":89,"column":74},"end":{"line":113,"column":null}}}},"branchMap":{"0":{"loc":{"start":{"line":44,"column":2},"end":{"line":46,"column":null}},"type":"if","locations":[{"start":{"line":44,"column":2},"end":{"line":46,"column":null}},{"start":{},"end":{}}]},"1":{"loc":{"start":{"line":44,"column":6},"end":{"line":44,"column":69}},"type":"binary-expr","locations":[{"start":{"line":44,"column":6},"end":{"line":44,"column":41}},{"start":{"line":44,"column":41},"end":{"line":44,"column":69}}]}},"s":{"0":17,"1":16,"2":13,"3":3,"4":1,"5":2,"6":1,"7":5},"f":{"0":16,"1":3,"2":1,"3":2,"4":1,"5":3,"6":5},"b":{"0":[13,3],"1":[16,14]}}
,"/Users/sudheer/Desktop/recipe-1/components/EmptyState.tsx": {"path":"/Users/sudheer/Desktop/recipe-1/components/EmptyState.tsx","statementMap":{"0":{"start":{"line":35,"column":24},"end":{"line":35,"column":35}},"1":{"start":{"line":40,"column":27},"end":{"line":40,"column":null}}},"fnMap":{"0":{"name":"EmptyState","decl":{"start":{"line":35,"column":24},"end":{"line":35,"column":35}},"loc":{"start":{"line":39,"column":18},"end":{"line":54,"column":null}}}},"branchMap":{"0":{"loc":{"start":{"line":36,"column":2},"end":{"line":36,"column":18}},"type":"default-arg","locations":[{"start":{"line":36,"column":16},"end":{"line":36,"column":18}}]},"1":{"loc":{"start":{"line":37,"column":2},"end":{"line":37,"column":25}},"type":"default-arg","locations":[{"start":{"line":37,"column":23},"end":{"line":37,"column":25}}]},"2":{"loc":{"start":{"line":38,"column":2},"end":{"line":38,"column":20}},"type":"default-arg","locations":[{"start":{"line":38,"column":18},"end":{"line":38,"column":20}}]},"3":{"loc":{"start":{"line":40,"column":27},"end":{"line":40,"column":null}},"type":"binary-expr","locations":[{"start":{"line":40,"column":27},"end":{"line":40,"column":42}},{"start":{"line":40,"column":42},"end":{"line":40,"column":75}},{"start":{"line":40,"column":75},"end":{"line":40,"column":null}}]},"4":{"loc":{"start":{"line":44,"column":48},"end":{"line":44,"column":96}},"type":"cond-expr","locations":[{"start":{"line":44,"column":67},"end":{"line":44,"column":81}},{"start":{"line":44,"column":81},"end":{"line":44,"column":96}}]},"5":{"loc":{"start":{"line":47,"column":31},"end":{"line":47,"column":84}},"type":"cond-expr","locations":[{"start":{"line":47,"column":50},"end":{"line":47,"column":67}},{"start":{"line":47,"column":67},"end":{"line":47,"column":84}}]},"6":{"loc":{"start":{"line":48,"column":9},"end":{"line":50,"column":null}},"type":"cond-expr","locations":[{"start":{"line":49,"column":12},"end":{"line":49,"column":null}},{"start":{"line":50,"column":12},"end":{"line":50,"column":null}}]}},"s":{"0":8,"1":8},"f":{"0":8},"b":{"0":[1],"1":[1],"2":[1],"3":[8,8,8],"4":[0,8],"5":[0,8],"6":[0,8]}}
,"/Users/sudheer/Desktop/recipe-1/components/ErrorState.tsx": {"path":"/Users/sudheer/Desktop/recipe-1/components/ErrorState.tsx","statementMap":{"0":{"start":{"line":6,"column":24},"end":{"line":6,"column":35}}},"fnMap":{"0":{"name":"ErrorState","decl":{"start":{"line":6,"column":24},"end":{"line":6,"column":35}},"loc":{"start":{"line":6,"column":72},"end":{"line":26,"column":null}}},"1":{"name":"ErrorIcon","decl":{"start":{"line":28,"column":9},"end":{"line":28,"column":null}},"loc":{"start":{"line":28,"column":9},"end":{"line":45,"column":null}}}},"branchMap":{"0":{"loc":{"start":{"line":16,"column":7},"end":{"line":16,"column":null}},"type":"binary-expr","locations":[{"start":{"line":16,"column":7},"end":{"line":16,"column":null}}]}},"s":{"0":8},"f":{"0":8,"1":8},"b":{"0":[8]}}
,"/Users/sudheer/Desktop/recipe-1/components/Pagination.tsx": {"path":"/Users/sudheer/Desktop/recipe-1/components/Pagination.tsx","statementMap":{"0":{"start":{"line":84,"column":24},"end":{"line":84,"column":35}},"1":{"start":{"line":20,"column":41},"end":{"line":20,"column":43}},"2":{"start":{"line":21,"column":21},"end":{"line":21,"column":null}},"3":{"start":{"line":22,"column":23},"end":{"line":22,"column":26}},"4":{"start":{"line":24,"column":2},"end":{"line":30,"column":null}},"5":{"start":{"line":26,"column":4},"end":{"line":28,"column":null}},"6":{"start":{"line":26,"column":17},"end":{"line":26,"column":20}},"7":{"start":{"line":27,"column":6},"end":{"line":27,"column":null}},"8":{"start":{"line":29,"column":4},"end":{"line":29,"column":null}},"9":{"start":{"line":33,"column":2},"end":{"line":33,"column":null}},"10":{"start":{"line":36,"column":27},"end":{"line":36,"column":null}},"11":{"start":{"line":37,"column":28},"end":{"line":37,"column":null}},"12":{"start":{"line":39,"column":33},"end":{"line":39,"column":null}},"13":{"start":{"line":40,"column":34},"end":{"line":40,"column":null}},"14":{"start":{"line":43,"column":2},"end":{"line":45,"column":null}},"15":{"start":{"line":44,"column":4},"end":{"line":44,"column":null}},"16":{"start":{"line":48,"column":2},"end":{"line":50,"column":null}},"17":{"start":{"line":48,"column":15},"end":{"line":48,"column":33}},"18":{"start":{"line":49,"column":4},"end":{"line":49,"column":null}},"19":{"start":{"line":53,"column":2},"end":{"line":55,"column":null}},"20":{"start":{"line":54,"column":4},"end":{"line":54,"column":null}},"21":{"start":{"line":58,"column":2},"end":{"line":58,"column":null}},"22":{"start":{"line":60,"column":2},"end":{"line":60,"column":null}},"23":{"start":{"line":85,"column":2},"end":{"line":87,"column":null}},"24":{"start":{"line":86,"column":4},"end":{"line":86,"column":null}},"25":{"start":{"line":89,"column":22},"end":{"line":89,"column":null}},"26":{"start":{"line":95,"column":41},"end":{"line":95,"column":73}},"27":{"start":{"line":102,"column":10},"end":{"line":104,"column":null}},"28":{"start":{"line":103,"column":12},"end":{"line":103,"column":null}},"29":{"start":{"line":106,"column":26},"end":{"line":106,"column":null}},"30":{"start":{"line":107,"column":27},"end":{"line":107,"column":null}},"31":{"start":{"line":109,"column":10},"end":{"line":111,"column":null}},"32":{"start":{"line":112,"column":29},"end":{"line":112,"column":null}},"33":{"start":{"line":125,"column":50},"end":{"line":125,"column":82}},"34":{"start":{"line":177,"column":2},"end":{"line":186,"column":null}},"35":{"start":{"line":200,"column":2},"end":{"line":209,"column":null}}},"fnMap":{"0":{"name":"getPageNumbers","decl":{"start":{"line":19,"column":9},"end":{"line":19,"column":24}},"loc":{"start":{"line":19,"column":63},"end":{"line":61,"column":null}}},"1":{"name":"Pagination","decl":{"start":{"line":84,"column":24},"end":{"line":84,"column":35}},"loc":{"start":{"line":84,"column":93},"end":{"line":130,"column":null}}},"2":{"name":"(anonymous_3)","decl":{"start":{"line":95,"column":35},"end":{"line":95,"column":41}},"loc":{"start":{"line":95,"column":41},"end":{"line":95,"column":73}}},"3":{"name":"(anonymous_4)","decl":{"start":{"line":101,"column":25},"end":{"line":101,"column":26}},"loc":{"start":{"line":101,"column":32},"end":{"line":120,"column":null}}},"4":{"name":"(anonymous_5)","decl":{"start":{"line":112,"column":23},"end":{"line":112,"column":29}},"loc":{"start":{"line":112,"column":29},"end":{"line":112,"column":null}}},"5":{"name":"(anonymous_6)","decl":{"start":{"line":125,"column":44},"end":{"line":125,"column":50}},"loc":{"start":{"line":125,"column":50},"end":{"line":125,"column":82}}},"6":{"name":"PaginationButton","decl":{"start":{"line":142,"column":9},"end":{"line":142,"column":26}},"loc":{"start":{"line":147,"column":24},"end":{"line":161,"column":null}}},"7":{"name":"PaginationEllipsis","decl":{"start":{"line":163,"column":9},"end":{"line":163,"column":null}},"loc":{"start":{"line":163,"column":9},"end":{"line":169,"column":null}}},"8":{"name":"PaginationPrevious","decl":{"start":{"line":176,"column":9},"end":{"line":176,"column":28}},"loc":{"start":{"line":176,"column":76},"end":{"line":197,"column":null}}},"9":{"name":"PaginationNext","decl":{"start":{"line":199,"column":9},"end":{"line":199,"column":24}},"loc":{"start":{"line":199,"column":72},"end":{"line":220,"column":null}}}},"branchMap":{"0":{"loc":{"start":{"line":24,"column":2},"end":{"line":30,"column":null}},"type":"if","locations":[{"start":{"line":24,"column":2},"end":{"line":30,"column":null}},{"start":{},"end":{}}]},"1":{"loc":{"start":{"line":43,"column":2},"end":{"line":45,"column":null}},"type":"if","locations":[{"start":{"line":43,"column":2},"end":{"line":45,"column":null}},{"start":{},"end":{}}]},"2":{"loc":{"start":{"line":53,"column":2},"end":{"line":55,"column":null}},"type":"if","locations":[{"start":{"line":53,"column":2},"end":{"line":55,"column":null}},{"start":{},"end":{}}]},"3":{"loc":{"start":{"line":85,"column":2},"end":{"line":87,"column":null}},"type":"if","locations":[{"start":{"line":85,"column":2},"end":{"line":87,"column":null}},{"start":{},"end":{}}]},"4":{"loc":{"start":{"line":95,"column":17},"end":{"line":95,"column":null}},"type":"cond-expr","locations":[{"start":{"line":95,"column":35},"end":{"line":95,"column":73}},{"start":{"line":95,"column":73},"end":{"line":95,"column":null}}]},"5":{"loc":{"start":{"line":102,"column":10},"end":{"line":104,"column":null}},"type":"if","locations":[{"start":{"line":102,"column":10},"end":{"line":104,"column":null}},{"start":{},"end":{}}]},"6":{"loc":{"start":{"line":115,"column":28},"end":{"line":115,"column":null}},"type":"cond-expr","locations":[{"start":{"line":115,"column":39},"end":{"line":115,"column":48}},{"start":{"line":115,"column":48},"end":{"line":115,"column":null}}]},"7":{"loc":{"start":{"line":125,"column":17},"end":{"line":125,"column":null}},"type":"cond-expr","locations":[{"start":{"line":125,"column":44},"end":{"line":125,"column":82}},{"start":{"line":125,"column":82},"end":{"line":125,"column":null}}]},"8":{"loc":{"start":{"line":144,"column":2},"end":{"line":144,"column":18}},"type":"default-arg","locations":[{"start":{"line":144,"column":13},"end":{"line":144,"column":18}}]},"9":{"loc":{"start":{"line":152,"column":8},"end":{"line":154,"column":null}},"type":"cond-expr","locations":[{"start":{"line":153,"column":12},"end":{"line":153,"column":null}},{"start":{"line":154,"column":12},"end":{"line":154,"column":null}}]},"10":{"loc":{"start":{"line":177,"column":2},"end":{"line":186,"column":null}},"type":"if","locations":[{"start":{"line":177,"column":2},"end":{"line":186,"column":null}},{"start":{},"end":{}}]},"11":{"loc":{"start":{"line":177,"column":6},"end":{"line":177,"column":28}},"type":"binary-expr","locations":[{"start":{"line":177,"column":6},"end":{"line":177,"column":18}},{"start":{"line":177,"column":18},"end":{"line":177,"column":28}}]},"12":{"loc":{"start":{"line":200,"column":2},"end":{"line":209,"column":null}},"type":"if","locations":[{"start":{"line":200,"column":2},"end":{"line":209,"column":null}},{"start":{},"end":{}}]},"13":{"loc":{"start":{"line":200,"column":6},"end":{"line":200,"column":28}},"type":"binary-expr","locations":[{"start":{"line":200,"column":6},"end":{"line":200,"column":18}},{"start":{"line":200,"column":18},"end":{"line":200,"column":28}}]}},"s":{"0":10,"1":7,"2":7,"3":7,"4":7,"5":6,"6":6,"7":24,"8":6,"9":1,"10":1,"11":1,"12":1,"13":1,"14":1,"15":1,"16":1,"17":1,"18":5,"19":1,"20":1,"21":1,"22":1,"23":9,"24":2,"25":7,"26":1,"27":33,"28":2,"29":31,"30":31,"31":31,"32":1,"33":1,"34":7,"35":7},"f":{"0":7,"1":9,"2":1,"3":33,"4":1,"5":1,"6":31,"7":2,"8":7,"9":7},"b":{"0":[6,1],"1":[1,0],"2":[1,0],"3":[2,7],"4":[5,2],"5":[2,31],"6":[7,24],"7":[6,1],"8":[0],"9":[7,24],"10":[2,5],"11":[7,5],"12":[1,6],"13":[7,6]}}
,"/Users/sudheer/Desktop/recipe-1/components/SearchBar.tsx": {"path":"/Users/sudheer/Desktop/recipe-1/components/SearchBar.tsx","statementMap":{"0":{"start":{"line":34,"column":24},"end":{"line":34,"column":34}},"1":{"start":{"line":1,"column":25},"end":{"line":1,"column":null}},"2":{"start":{"line":39,"column":40},"end":{"line":39,"column":null}},"3":{"start":{"line":41,"column":23},"end":{"line":44,"column":null}},"4":{"start":{"line":42,"column":4},"end":{"line":42,"column":null}},"5":{"start":{"line":43,"column":4},"end":{"line":43,"column":null}},"6":{"start":{"line":80,"column":23},"end":{"line":80,"column":null}}},"fnMap":{"0":{"name":"SearchBar","decl":{"start":{"line":34,"column":24},"end":{"line":34,"column":34}},"loc":{"start":{"line":38,"column":17},"end":{"line":62,"column":null}}},"1":{"name":"(anonymous_2)","decl":{"start":{"line":41,"column":23},"end":{"line":41,"column":24}},"loc":{"start":{"line":41,"column":24},"end":{"line":44,"column":null}}},"2":{"name":"SearchInput","decl":{"start":{"line":74,"column":9},"end":{"line":74,"column":21}},"loc":{"start":{"line":74,"column":87},"end":{"line":86,"column":null}}},"3":{"name":"(anonymous_4)","decl":{"start":{"line":80,"column":16},"end":{"line":80,"column":17}},"loc":{"start":{"line":80,"column":23},"end":{"line":80,"column":null}}},"4":{"name":"SearchButton","decl":{"start":{"line":92,"column":9},"end":{"line":92,"column":22}},"loc":{"start":{"line":92,"column":53},"end":{"line":101,"column":null}}}},"branchMap":{"0":{"loc":{"start":{"line":35,"column":2},"end":{"line":35,"column":37}},"type":"default-arg","locations":[{"start":{"line":35,"column":16},"end":{"line":35,"column":37}}]},"1":{"loc":{"start":{"line":36,"column":2},"end":{"line":36,"column":19}},"type":"default-arg","locations":[{"start":{"line":36,"column":17},"end":{"line":36,"column":19}}]}},"s":{"0":16,"1":2,"2":20,"3":20,"4":1,"5":1,"6":5},"f":{"0":20,"1":1,"2":20,"3":5,"4":20},"b":{"0":[8],"1":[8]}}
,"/Users/sudheer/Desktop/recipe-1/components/SearchResultsState.tsx": {"path":"/Users/sudheer/Desktop/recipe-1/components/SearchResultsState.tsx","statementMap":{"0":{"start":{"line":6,"column":24},"end":{"line":6,"column":43}},"1":{"start":{"line":7,"column":2},"end":{"line":13,"column":null}},"2":{"start":{"line":16,"column":4},"end":{"line":16,"column":90}}},"fnMap":{"0":{"name":"SearchResultsState","decl":{"start":{"line":6,"column":24},"end":{"line":6,"column":43}},"loc":{"start":{"line":6,"column":88},"end":{"line":23,"column":null}}}},"branchMap":{"0":{"loc":{"start":{"line":7,"column":2},"end":{"line":13,"column":null}},"type":"if","locations":[{"start":{"line":7,"column":2},"end":{"line":13,"column":null}},{"start":{},"end":{}}]},"1":{"loc":{"start":{"line":16,"column":4},"end":{"line":16,"column":90}},"type":"cond-expr","locations":[{"start":{"line":16,"column":18},"end":{"line":16,"column":37}},{"start":{"line":16,"column":37},"end":{"line":16,"column":90}}]},"2":{"loc":{"start":{"line":16,"column":37},"end":{"line":16,"column":90}},"type":"cond-expr","locations":[{"start":{"line":16,"column":51},"end":{"line":16,"column":68}},{"start":{"line":16,"column":68},"end":{"line":16,"column":90}}]}},"s":{"0":18,"1":17,"2":13},"f":{"0":17},"b":{"0":[4,13],"1":[8,5],"2":[2,3]}}
,"/Users/sudheer/Desktop/recipe-1/components/FilterPanel/ChevronIcon.tsx": {"path":"/Users/sudheer/Desktop/recipe-1/components/FilterPanel/ChevronIcon.tsx","statementMap":{"0":{"start":{"line":5,"column":16},"end":{"line":5,"column":28}}},"fnMap":{"0":{"name":"ChevronIcon","decl":{"start":{"line":5,"column":16},"end":{"line":5,"column":28}},"loc":{"start":{"line":5,"column":58},"end":{"line":17,"column":null}}}},"branchMap":{"0":{"loc":{"start":{"line":8,"column":62},"end":{"line":8,"column":92}},"type":"cond-expr","locations":[{"start":{"line":8,"column":73},"end":{"line":8,"column":88}},{"start":{"line":8,"column":88},"end":{"line":8,"column":92}}]}},"s":{"0":24},"f":{"0":24},"b":{"0":[24,0]}}
,"/Users/sudheer/Desktop/recipe-1/components/FilterPanel/FilterCheckbox.tsx": {"path":"/Users/sudheer/Desktop/recipe-1/components/FilterPanel/FilterCheckbox.tsx","statementMap":{"0":{"start":{"line":10,"column":16},"end":{"line":10,"column":31}},"1":{"start":{"line":1,"column":22},"end":{"line":1,"column":null}},"2":{"start":{"line":11,"column":13},"end":{"line":11,"column":null}}},"fnMap":{"0":{"name":"FilterCheckbox","decl":{"start":{"line":10,"column":16},"end":{"line":10,"column":31}},"loc":{"start":{"line":10,"column":86},"end":{"line":30,"column":null}}}},"branchMap":{},"s":{"0":4,"1":2,"2":4},"f":{"0":4},"b":{}}
,"/Users/sudheer/Desktop/recipe-1/components/FilterPanel/FilterCheckboxGroup.tsx": {"path":"/Users/sudheer/Desktop/recipe-1/components/FilterPanel/FilterCheckboxGroup.tsx","statementMap":{"0":{"start":{"line":10,"column":16},"end":{"line":10,"column":36}},"1":{"start":{"line":1,"column":31},"end":{"line":1,"column":null}},"2":{"start":{"line":16,"column":2},"end":{"line":18,"column":null}},"3":{"start":{"line":23,"column":8},"end":{"line":24,"column":null}},"4":{"start":{"line":27,"column":26},"end":{"line":27,"column":null}}},"fnMap":{"0":{"name":"FilterCheckboxGroup","decl":{"start":{"line":10,"column":16},"end":{"line":10,"column":36}},"loc":{"start":{"line":15,"column":27},"end":{"line":33,"column":null}}},"1":{"name":"(anonymous_2)","decl":{"start":{"line":22,"column":17},"end":{"line":22,"column":18}},"loc":{"start":{"line":23,"column":8},"end":{"line":24,"column":null}}},"2":{"name":"(anonymous_3)","decl":{"start":{"line":27,"column":20},"end":{"line":27,"column":26}},"loc":{"start":{"line":27,"column":26},"end":{"line":27,"column":null}}}},"branchMap":{"0":{"loc":{"start":{"line":16,"column":2},"end":{"line":18,"column":null}},"type":"if","locations":[{"start":{"line":16,"column":2},"end":{"line":18,"column":null}},{"start":{},"end":{}}]}},"s":{"0":24,"1":2,"2":24,"3":4,"4":0},"f":{"0":24,"1":4,"2":0},"b":{"0":[20,4]}}
,"/Users/sudheer/Desktop/recipe-1/components/FilterPanel/FilterPanel.tsx": {"path":"/Users/sudheer/Desktop/recipe-1/components/FilterPanel/FilterPanel.tsx","statementMap":{"0":{"start":{"line":39,"column":24},"end":{"line":39,"column":36}},"1":{"start":{"line":1,"column":38},"end":{"line":1,"column":null}},"2":{"start":{"line":3,"column":30},"end":{"line":3,"column":null}},"3":{"start":{"line":4,"column":36},"end":{"line":4,"column":null}},"4":{"start":{"line":48,"column":50},"end":{"line":48,"column":null}},"5":{"start":{"line":49,"column":42},"end":{"line":49,"column":null}},"6":{"start":{"line":51,"column":32},"end":{"line":53,"column":null}},"7":{"start":{"line":52,"column":4},"end":{"line":52,"column":null}},"8":{"start":{"line":52,"column":34},"end":{"line":52,"column":null}},"9":{"start":{"line":55,"column":28},"end":{"line":57,"column":null}},"10":{"start":{"line":56,"column":4},"end":{"line":56,"column":null}},"11":{"start":{"line":56,"column":30},"end":{"line":56,"column":null}},"12":{"start":{"line":69,"column":39},"end":{"line":69,"column":52}},"13":{"start":{"line":78,"column":34},"end":{"line":78,"column":43}}},"fnMap":{"0":{"name":"FilterPanel","decl":{"start":{"line":39,"column":24},"end":{"line":39,"column":36}},"loc":{"start":{"line":47,"column":19},"end":{"line":86,"column":null}}},"1":{"name":"(anonymous_2)","decl":{"start":{"line":51,"column":44},"end":{"line":51,"column":null}},"loc":{"start":{"line":51,"column":44},"end":{"line":53,"column":5}}},"2":{"name":"(anonymous_3)","decl":{"start":{"line":52,"column":24},"end":{"line":52,"column":25}},"loc":{"start":{"line":52,"column":34},"end":{"line":52,"column":null}}},"3":{"name":"(anonymous_4)","decl":{"start":{"line":55,"column":40},"end":{"line":55,"column":null}},"loc":{"start":{"line":55,"column":40},"end":{"line":57,"column":5}}},"4":{"name":"(anonymous_5)","decl":{"start":{"line":56,"column":20},"end":{"line":56,"column":21}},"loc":{"start":{"line":56,"column":30},"end":{"line":56,"column":null}}},"5":{"name":"(anonymous_6)","decl":{"start":{"line":69,"column":32},"end":{"line":69,"column":33}},"loc":{"start":{"line":69,"column":39},"end":{"line":69,"column":52}}},"6":{"name":"(anonymous_7)","decl":{"start":{"line":78,"column":27},"end":{"line":78,"column":28}},"loc":{"start":{"line":78,"column":34},"end":{"line":78,"column":43}}}},"branchMap":{"0":{"loc":{"start":{"line":46,"column":2},"end":{"line":46,"column":19}},"type":"default-arg","locations":[{"start":{"line":46,"column":14},"end":{"line":46,"column":19}}]}},"s":{"0":13,"1":2,"2":2,"3":2,"4":12,"5":12,"6":12,"7":0,"8":0,"9":12,"10":0,"11":0,"12":2,"13":2},"f":{"0":12,"1":0,"2":0,"3":0,"4":0,"5":2,"6":2},"b":{"0":[1]}}
,"/Users/sudheer/Desktop/recipe-1/components/FilterPanel/FilterSection.tsx": {"path":"/Users/sudheer/Desktop/recipe-1/components/FilterPanel/FilterSection.tsx","statementMap":{"0":{"start":{"line":11,"column":16},"end":{"line":11,"column":30}},"1":{"start":{"line":1,"column":22},"end":{"line":1,"column":null}},"2":{"start":{"line":2,"column":28},"end":{"line":2,"column":null}},"3":{"start":{"line":12,"column":20},"end":{"line":12,"column":null}}},"fnMap":{"0":{"name":"FilterSection","decl":{"start":{"line":11,"column":16},"end":{"line":11,"column":30}},"loc":{"start":{"line":11,"column":89},"end":{"line":38,"column":null}}}},"branchMap":{"0":{"loc":{"start":{"line":29,"column":10},"end":{"line":29,"column":null}},"type":"cond-expr","locations":[{"start":{"line":29,"column":21},"end":{"line":29,"column":46}},{"start":{"line":29,"column":46},"end":{"line":29,"column":null}}]}},"s":{"0":24,"1":2,"2":2,"3":24},"f":{"0":24},"b":{"0":[24,0]}}
,"/Users/sudheer/Desktop/recipe-1/components/FilterPanel/index.ts": {"path":"/Users/sudheer/Desktop/recipe-1/components/FilterPanel/index.ts","statementMap":{"0":{"start":{"line":1,"column":9},"end":{"line":1,"column":24}},"1":{"start":{"line":1,"column":24},"end":{"line":1,"column":null}}},"fnMap":{},"branchMap":{},"s":{"0":13,"1":2},"f":{},"b":{}}
,"/Users/sudheer/Desktop/recipe-1/components/LoadingState/LoadingState.tsx": {"path":"/Users/sudheer/Desktop/recipe-1/components/LoadingState/LoadingState.tsx","statementMap":{"0":{"start":{"line":7,"column":24},"end":{"line":7,"column":37}},"1":{"start":{"line":1,"column":24},"end":{"line":1,"column":null}}},"fnMap":{"0":{"name":"LoadingState","decl":{"start":{"line":7,"column":24},"end":{"line":7,"column":37}},"loc":{"start":{"line":7,"column":88},"end":{"line":19,"column":null}}}},"branchMap":{"0":{"loc":{"start":{"line":7,"column":39},"end":{"line":7,"column":67}},"type":"default-arg","locations":[{"start":{"line":7,"column":49},"end":{"line":7,"column":67}}]}},"s":{"0":15,"1":3},"f":{"0":15},"b":{"0":[2]}}
,"/Users/sudheer/Desktop/recipe-1/components/LoadingState/MealCardSkeleton.tsx": {"path":"/Users/sudheer/Desktop/recipe-1/components/LoadingState/MealCardSkeleton.tsx","statementMap":{"0":{"start":{"line":1,"column":16},"end":{"line":1,"column":null}}},"fnMap":{"0":{"name":"MealCardSkeleton","decl":{"start":{"line":1,"column":16},"end":{"line":1,"column":null}},"loc":{"start":{"line":1,"column":16},"end":{"line":14,"column":null}}}},"branchMap":{},"s":{"0":34},"f":{"0":34},"b":{}}
,"/Users/sudheer/Desktop/recipe-1/components/LoadingState/MealGridSkeleton.tsx": {"path":"/Users/sudheer/Desktop/recipe-1/components/LoadingState/MealGridSkeleton.tsx","statementMap":{"0":{"start":{"line":7,"column":16},"end":{"line":7,"column":33}},"1":{"start":{"line":1,"column":33},"end":{"line":1,"column":null}},"2":{"start":{"line":16,"column":8},"end":{"line":16,"column":null}}},"fnMap":{"0":{"name":"MealGridSkeleton","decl":{"start":{"line":7,"column":16},"end":{"line":7,"column":33}},"loc":{"start":{"line":7,"column":69},"end":{"line":21,"column":null}}},"1":{"name":"(anonymous_2)","decl":{"start":{"line":15,"column":41},"end":{"line":15,"column":42}},"loc":{"start":{"line":16,"column":8},"end":{"line":16,"column":null}}}},"branchMap":{"0":{"loc":{"start":{"line":7,"column":35},"end":{"line":7,"column":44}},"type":"default-arg","locations":[{"start":{"line":7,"column":43},"end":{"line":7,"column":44}}]}},"s":{"0":6,"1":3,"2":33},"f":{"0":6,"1":33},"b":{"0":[2]}}
,"/Users/sudheer/Desktop/recipe-1/components/LoadingState/index.ts": {"path":"/Users/sudheer/Desktop/recipe-1/components/LoadingState/index.ts","statementMap":{"0":{"start":{"line":2,"column":9},"end":{"line":2,"column":33}},"1":{"start":{"line":3,"column":9},"end":{"line":3,"column":33}},"2":{"start":{"line":1,"column":9},"end":{"line":1,"column":24}},"3":{"start":{"line":1,"column":24},"end":{"line":1,"column":null}},"4":{"start":{"line":2,"column":33},"end":{"line":2,"column":null}},"5":{"start":{"line":3,"column":33},"end":{"line":3,"column":null}}},"fnMap":{},"branchMap":{},"s":{"0":1,"1":6,"2":15,"3":3,"4":3,"5":3},"f":{},"b":{}}
,"/Users/sudheer/Desktop/recipe-1/components/MealCard/MealCard.tsx": {"path":"/Users/sudheer/Desktop/recipe-1/components/MealCard/MealCard.tsx","statementMap":{"0":{"start":{"line":40,"column":24},"end":{"line":40,"column":33}},"1":{"start":{"line":1,"column":25},"end":{"line":1,"column":null}},"2":{"start":{"line":2,"column":27},"end":{"line":2,"column":null}},"3":{"start":{"line":3,"column":28},"end":{"line":3,"column":null}},"4":{"start":{"line":4,"column":26},"end":{"line":4,"column":null}},"5":{"start":{"line":5,"column":25},"end":{"line":5,"column":null}},"6":{"start":{"line":6,"column":20},"end":{"line":6,"column":null}},"7":{"start":{"line":50,"column":15},"end":{"line":50,"column":79}}},"fnMap":{"0":{"name":"MealCard","decl":{"start":{"line":40,"column":24},"end":{"line":40,"column":33}},"loc":{"start":{"line":49,"column":16},"end":{"line":78,"column":null}}}},"branchMap":{"0":{"loc":{"start":{"line":46,"column":2},"end":{"line":46,"column":18}},"type":"default-arg","locations":[{"start":{"line":46,"column":13},"end":{"line":46,"column":18}}]},"1":{"loc":{"start":{"line":48,"column":2},"end":{"line":48,"column":21}},"type":"default-arg","locations":[{"start":{"line":48,"column":16},"end":{"line":48,"column":21}}]},"2":{"loc":{"start":{"line":50,"column":15},"end":{"line":50,"column":79}},"type":"cond-expr","locations":[{"start":{"line":50,"column":31},"end":{"line":50,"column":62}},{"start":{"line":50,"column":65},"end":{"line":50,"column":79}}]},"3":{"loc":{"start":{"line":58,"column":12},"end":{"line":69,"column":null}},"type":"cond-expr","locations":[{"start":{"line":58,"column":12},"end":{"line":69,"column":null}}]},"4":{"loc":{"start":{"line":70,"column":15},"end":{"line":70,"column":27}},"type":"binary-expr","locations":[{"start":{"line":70,"column":15},"end":{"line":70,"column":27}}]},"5":{"loc":{"start":{"line":71,"column":15},"end":{"line":71,"column":23}},"type":"binary-expr","locations":[{"start":{"line":71,"column":15},"end":{"line":71,"column":23}}]}},"s":{"0":4,"1":2,"2":2,"3":2,"4":2,"5":2,"6":2,"7":3},"f":{"0":3},"b":{"0":[2],"1":[1],"2":[1,2],"3":[1],"4":[2],"5":[2]}}
,"/Users/sudheer/Desktop/recipe-1/components/MealCard/index.ts": {"path":"/Users/sudheer/Desktop/recipe-1/components/MealCard/index.ts","statementMap":{"0":{"start":{"line":1,"column":9},"end":{"line":1,"column":24}},"1":{"start":{"line":1,"column":24},"end":{"line":1,"column":null}}},"fnMap":{},"branchMap":{},"s":{"0":4,"1":2},"f":{},"b":{}}
,"/Users/sudheer/Desktop/recipe-1/components/MealDetail/IngredientList.tsx": {"path":"/Users/sudheer/Desktop/recipe-1/components/MealDetail/IngredientList.tsx","statementMap":{"0":{"start":{"line":7,"column":16},"end":{"line":7,"column":31}},"1":{"start":{"line":8,"column":2},"end":{"line":10,"column":null}},"2":{"start":{"line":15,"column":8},"end":{"line":16,"column":null}}},"fnMap":{"0":{"name":"IngredientList","decl":{"start":{"line":7,"column":16},"end":{"line":7,"column":31}},"loc":{"start":{"line":7,"column":67},"end":{"line":25,"column":null}}},"1":{"name":"(anonymous_2)","decl":{"start":{"line":14,"column":23},"end":{"line":14,"column":24}},"loc":{"start":{"line":15,"column":8},"end":{"line":16,"column":null}}}},"branchMap":{"0":{"loc":{"start":{"line":8,"column":2},"end":{"line":10,"column":null}},"type":"if","locations":[{"start":{"line":8,"column":2},"end":{"line":10,"column":null}},{"start":{},"end":{}}]}},"s":{"0":9,"1":9,"2":18},"f":{"0":9,"1":18},"b":{"0":[0,9]}}
,"/Users/sudheer/Desktop/recipe-1/components/MealDetail/Instructions.tsx": {"path":"/Users/sudheer/Desktop/recipe-1/components/MealDetail/Instructions.tsx","statementMap":{"0":{"start":{"line":5,"column":16},"end":{"line":5,"column":29}},"1":{"start":{"line":6,"column":21},"end":{"line":6,"column":null}},"2":{"start":{"line":6,"column":55},"end":{"line":6,"column":null}},"3":{"start":{"line":11,"column":8},"end":{"line":11,"column":23}}},"fnMap":{"0":{"name":"Instructions","decl":{"start":{"line":5,"column":16},"end":{"line":5,"column":29}},"loc":{"start":{"line":5,"column":56},"end":{"line":17,"column":null}}},"1":{"name":"(anonymous_2)","decl":{"start":{"line":6,"column":48},"end":{"line":6,"column":49}},"loc":{"start":{"line":6,"column":55},"end":{"line":6,"column":null}}},"2":{"name":"(anonymous_3)","decl":{"start":{"line":10,"column":22},"end":{"line":10,"column":23}},"loc":{"start":{"line":11,"column":8},"end":{"line":11,"column":23}}}},"branchMap":{},"s":{"0":9,"1":9,"2":27,"3":27},"f":{"0":9,"1":27,"2":27},"b":{}}
,"/Users/sudheer/Desktop/recipe-1/components/MealDetail/MealDetailContent.tsx": {"path":"/Users/sudheer/Desktop/recipe-1/components/MealDetail/MealDetailContent.tsx","statementMap":{"0":{"start":{"line":15,"column":16},"end":{"line":15,"column":34}},"1":{"start":{"line":2,"column":27},"end":{"line":2,"column":null}},"2":{"start":{"line":3,"column":20},"end":{"line":3,"column":null}},"3":{"start":{"line":4,"column":31},"end":{"line":4,"column":null}},"4":{"start":{"line":5,"column":29},"end":{"line":5,"column":null}},"5":{"start":{"line":6,"column":28},"end":{"line":6,"column":null}},"6":{"start":{"line":13,"column":18},"end":{"line":13,"column":null}},"7":{"start":{"line":17,"column":4},"end":{"line":20,"column":33}},"8":{"start":{"line":20,"column":18},"end":{"line":20,"column":31}},"9":{"start":{"line":48,"column":14},"end":{"line":48,"column":29}}},"fnMap":{"0":{"name":"MealDetailContent","decl":{"start":{"line":15,"column":16},"end":{"line":15,"column":34}},"loc":{"start":{"line":15,"column":79},"end":{"line":79,"column":null}}},"1":{"name":"(anonymous_2)","decl":{"start":{"line":20,"column":11},"end":{"line":20,"column":12}},"loc":{"start":{"line":20,"column":18},"end":{"line":20,"column":31}}},"2":{"name":"(anonymous_3)","decl":{"start":{"line":47,"column":22},"end":{"line":47,"column":23}},"loc":{"start":{"line":48,"column":14},"end":{"line":48,"column":29}}}},"branchMap":{"0":{"loc":{"start":{"line":17,"column":4},"end":{"line":20,"column":33}},"type":"binary-expr","locations":[{"start":{"line":17,"column":4},"end":{"line":20,"column":31}},{"start":{"line":20,"column":31},"end":{"line":20,"column":33}}]},"1":{"loc":{"start":{"line":37,"column":13},"end":{"line":37,"column":29}},"type":"binary-expr","locations":[{"start":{"line":37,"column":13},"end":{"line":37,"column":29}}]},"2":{"loc":{"start":{"line":42,"column":13},"end":{"line":42,"column":25}},"type":"binary-expr","locations":[{"start":{"line":42,"column":13},"end":{"line":42,"column":25}}]},"3":{"loc":{"start":{"line":67,"column":9},"end":{"line":67,"column":24}},"type":"binary-expr","locations":[{"start":{"line":67,"column":9},"end":{"line":67,"column":24}}]}},"s":{"0":9,"1":1,"2":1,"3":1,"4":1,"5":1,"6":1,"7":9,"8":16,"9":16},"f":{"0":9,"1":16,"2":16},"b":{"0":[9,1],"1":[9],"2":[9],"3":[9]}}
,"/Users/sudheer/Desktop/recipe-1/components/MealDetail/YoutubeLink.tsx": {"path":"/Users/sudheer/Desktop/recipe-1/components/MealDetail/YoutubeLink.tsx","statementMap":{"0":{"start":{"line":6,"column":16},"end":{"line":6,"column":28}}},"fnMap":{"0":{"name":"YoutubeLink","decl":{"start":{"line":6,"column":16},"end":{"line":6,"column":28}},"loc":{"start":{"line":6,"column":60},"end":{"line":21,"column":null}}}},"branchMap":{},"s":{"0":8},"f":{"0":8},"b":{}}
,"/Users/sudheer/Desktop/recipe-1/components/MealDetail/index.ts": {"path":"/Users/sudheer/Desktop/recipe-1/components/MealDetail/index.ts","statementMap":{"0":{"start":{"line":2,"column":9},"end":{"line":2,"column":31}},"1":{"start":{"line":3,"column":9},"end":{"line":3,"column":29}},"2":{"start":{"line":1,"column":9},"end":{"line":1,"column":34}},"3":{"start":{"line":4,"column":9},"end":{"line":4,"column":28}},"4":{"start":{"line":1,"column":34},"end":{"line":1,"column":null}},"5":{"start":{"line":2,"column":31},"end":{"line":2,"column":null}},"6":{"start":{"line":3,"column":29},"end":{"line":3,"column":null}},"7":{"start":{"line":4,"column":28},"end":{"line":4,"column":null}}},"fnMap":{},"branchMap":{},"s":{"0":0,"1":0,"2":9,"3":0,"4":1,"5":1,"6":1,"7":1},"f":{},"b":{}}
,"/Users/sudheer/Desktop/recipe-1/components/ui/BackLink.tsx": {"path":"/Users/sudheer/Desktop/recipe-1/components/ui/BackLink.tsx","statementMap":{"0":{"start":{"line":8,"column":16},"end":{"line":8,"column":25}},"1":{"start":{"line":1,"column":17},"end":{"line":1,"column":null}}},"fnMap":{"0":{"name":"BackLink","decl":{"start":{"line":8,"column":16},"end":{"line":8,"column":25}},"loc":{"start":{"line":8,"column":58},"end":{"line":34,"column":null}}}},"branchMap":{"0":{"loc":{"start":{"line":14,"column":20},"end":{"line":14,"column":null}},"type":"cond-expr","locations":[{"start":{"line":14,"column":51},"end":{"line":14,"column":62}},{"start":{"line":14,"column":62},"end":{"line":14,"column":null}}]}},"s":{"0":12,"1":1},"f":{"0":12},"b":{"0":[12,0]}}
,"/Users/sudheer/Desktop/recipe-1/components/ui/CardContent.tsx": {"path":"/Users/sudheer/Desktop/recipe-1/components/ui/CardContent.tsx","statementMap":{"0":{"start":{"line":5,"column":16},"end":{"line":5,"column":28}}},"fnMap":{"0":{"name":"CardContent","decl":{"start":{"line":5,"column":16},"end":{"line":5,"column":28}},"loc":{"start":{"line":5,"column":58},"end":{"line":7,"column":null}}}},"branchMap":{},"s":{"0":3},"f":{"0":3},"b":{}}
,"/Users/sudheer/Desktop/recipe-1/components/ui/CardTags.tsx": {"path":"/Users/sudheer/Desktop/recipe-1/components/ui/CardTags.tsx","statementMap":{"0":{"start":{"line":5,"column":16},"end":{"line":5,"column":25}}},"fnMap":{"0":{"name":"CardTags","decl":{"start":{"line":5,"column":16},"end":{"line":5,"column":25}},"loc":{"start":{"line":5,"column":52},"end":{"line":7,"column":null}}}},"branchMap":{},"s":{"0":3},"f":{"0":3},"b":{}}
,"/Users/sudheer/Desktop/recipe-1/components/ui/CardTitle.tsx": {"path":"/Users/sudheer/Desktop/recipe-1/components/ui/CardTitle.tsx","statementMap":{"0":{"start":{"line":6,"column":16},"end":{"line":6,"column":26}}},"fnMap":{"0":{"name":"CardTitle","decl":{"start":{"line":6,"column":16},"end":{"line":6,"column":26}},"loc":{"start":{"line":6,"column":76},"end":{"line":12,"column":null}}}},"branchMap":{"0":{"loc":{"start":{"line":6,"column":42},"end":{"line":6,"column":58}},"type":"default-arg","locations":[{"start":{"line":6,"column":54},"end":{"line":6,"column":58}}]}},"s":{"0":3},"f":{"0":3},"b":{"0":[3]}}
,"/Users/sudheer/Desktop/recipe-1/components/ui/CoverImage.tsx": {"path":"/Users/sudheer/Desktop/recipe-1/components/ui/CoverImage.tsx","statementMap":{"0":{"start":{"line":14,"column":16},"end":{"line":14,"column":27}},"1":{"start":{"line":1,"column":18},"end":{"line":1,"column":null}},"2":{"start":{"line":12,"column":21},"end":{"line":12,"column":null}}},"fnMap":{"0":{"name":"CoverImage","decl":{"start":{"line":14,"column":16},"end":{"line":14,"column":27}},"loc":{"start":{"line":21,"column":18},"end":{"line":37,"column":null}}}},"branchMap":{"0":{"loc":{"start":{"line":17,"column":2},"end":{"line":17,"column":18}},"type":"default-arg","locations":[{"start":{"line":17,"column":13},"end":{"line":17,"column":18}}]},"1":{"loc":{"start":{"line":18,"column":2},"end":{"line":18,"column":22}},"type":"default-arg","locations":[{"start":{"line":18,"column":10},"end":{"line":18,"column":22}}]},"2":{"loc":{"start":{"line":19,"column":2},"end":{"line":19,"column":14}},"type":"default-arg","locations":[{"start":{"line":19,"column":12},"end":{"line":19,"column":14}}]},"3":{"loc":{"start":{"line":20,"column":2},"end":{"line":20,"column":57}},"type":"default-arg","locations":[{"start":{"line":20,"column":23},"end":{"line":20,"column":57}}]},"4":{"loc":{"start":{"line":29,"column":23},"end":{"line":29,"column":null}},"type":"cond-expr","locations":[{"start":{"line":29,"column":34},"end":{"line":29,"column":43}},{"start":{"line":29,"column":43},"end":{"line":29,"column":null}}]},"5":{"loc":{"start":{"line":30,"column":17},"end":{"line":30,"column":null}},"type":"cond-expr","locations":[{"start":{"line":30,"column":28},"end":{"line":30,"column":40}},{"start":{"line":30,"column":40},"end":{"line":30,"column":null}}]}},"s":{"0":12,"1":3,"2":3},"f":{"0":12},"b":{"0":[0],"1":[3],"2":[12],"3":[3],"4":[10,2],"5":[10,2]}}
,"/Users/sudheer/Desktop/recipe-1/components/ui/LinkCard.tsx": {"path":"/Users/sudheer/Desktop/recipe-1/components/ui/LinkCard.tsx","statementMap":{"0":{"start":{"line":8,"column":16},"end":{"line":8,"column":25}},"1":{"start":{"line":1,"column":17},"end":{"line":1,"column":null}}},"fnMap":{"0":{"name":"LinkCard","decl":{"start":{"line":8,"column":16},"end":{"line":8,"column":25}},"loc":{"start":{"line":8,"column":58},"end":{"line":17,"column":null}}}},"branchMap":{},"s":{"0":3,"1":2},"f":{"0":3},"b":{}}
,"/Users/sudheer/Desktop/recipe-1/components/ui/PageLayout.tsx": {"path":"/Users/sudheer/Desktop/recipe-1/components/ui/PageLayout.tsx","statementMap":{"0":{"start":{"line":9,"column":16},"end":{"line":9,"column":27}},"1":{"start":{"line":1,"column":17},"end":{"line":1,"column":null}}},"fnMap":{"0":{"name":"PageLayout","decl":{"start":{"line":9,"column":16},"end":{"line":9,"column":27}},"loc":{"start":{"line":9,"column":76},"end":{"line":23,"column":null}}}},"branchMap":{"0":{"loc":{"start":{"line":14,"column":9},"end":{"line":14,"column":24}},"type":"binary-expr","locations":[{"start":{"line":14,"column":9},"end":{"line":14,"column":24}}]}},"s":{"0":24,"1":1},"f":{"0":24},"b":{"0":[24]}}
,"/Users/sudheer/Desktop/recipe-1/components/ui/Spinner.tsx": {"path":"/Users/sudheer/Desktop/recipe-1/components/ui/Spinner.tsx","statementMap":{"0":{"start":{"line":1,"column":16},"end":{"line":1,"column":null}}},"fnMap":{"0":{"name":"Spinner","decl":{"start":{"line":1,"column":16},"end":{"line":1,"column":null}},"loc":{"start":{"line":1,"column":16},"end":{"line":18,"column":null}}}},"branchMap":{},"s":{"0":15},"f":{"0":15},"b":{}}
,"/Users/sudheer/Desktop/recipe-1/components/ui/Tag.tsx": {"path":"/Users/sudheer/Desktop/recipe-1/components/ui/Tag.tsx","statementMap":{"0":{"start":{"line":15,"column":16},"end":{"line":15,"column":20}},"1":{"start":{"line":9,"column":51},"end":{"line":13,"column":null}},"2":{"start":{"line":16,"column":21},"end":{"line":18,"column":null}}},"fnMap":{"0":{"name":"Tag","decl":{"start":{"line":15,"column":16},"end":{"line":15,"column":20}},"loc":{"start":{"line":15,"column":65},"end":{"line":20,"column":null}}}},"branchMap":{"0":{"loc":{"start":{"line":15,"column":31},"end":{"line":15,"column":43}},"type":"default-arg","locations":[{"start":{"line":15,"column":38},"end":{"line":15,"column":43}}]},"1":{"loc":{"start":{"line":16,"column":21},"end":{"line":18,"column":null}},"type":"cond-expr","locations":[{"start":{"line":17,"column":6},"end":{"line":17,"column":null}},{"start":{"line":18,"column":6},"end":{"line":18,"column":null}}]}},"s":{"0":36,"1":3,"2":36},"f":{"0":36},"b":{"0":[2],"1":[34,2]}}
,"/Users/sudheer/Desktop/recipe-1/hooks/useMealsQuery.ts": {"path":"/Users/sudheer/Desktop/recipe-1/hooks/useMealsQuery.ts","statementMap":{"0":{"start":{"line":8,"column":16},"end":{"line":8,"column":30}},"1":{"start":{"line":1,"column":24},"end":{"line":1,"column":null}},"2":{"start":{"line":2,"column":37},"end":{"line":2,"column":null}},"3":{"start":{"line":4,"column":75},"end":{"line":4,"column":null}},"4":{"start":{"line":5,"column":30},"end":{"line":5,"column":null}},"5":{"start":{"line":6,"column":31},"end":{"line":6,"column":null}},"6":{"start":{"line":9,"column":29},"end":{"line":9,"column":null}},"7":{"start":{"line":11,"column":26},"end":{"line":15,"column":null}},"8":{"start":{"line":17,"column":21},"end":{"line":21,"column":null}},"9":{"start":{"line":23,"column":21},"end":{"line":27,"column":null}},"10":{"start":{"line":25,"column":19},"end":{"line":25,"column":null}},"11":{"start":{"line":29,"column":19},"end":{"line":29,"column":68}},"12":{"start":{"line":31,"column":40},"end":{"line":37,"column":null}},"13":{"start":{"line":32,"column":22},"end":{"line":32,"column":null}},"14":{"start":{"line":33,"column":4},"end":{"line":36,"column":null}},"15":{"start":{"line":35,"column":49},"end":{"line":35,"column":57}},"16":{"start":{"line":39,"column":28},"end":{"line":45,"column":null}},"17":{"start":{"line":40,"column":41},"end":{"line":44,"column":null}},"18":{"start":{"line":42,"column":21},"end":{"line":42,"column":null}},"19":{"start":{"line":47,"column":25},"end":{"line":57,"column":null}},"20":{"start":{"line":48,"column":16},"end":{"line":48,"column":null}},"21":{"start":{"line":49,"column":4},"end":{"line":55,"column":null}},"22":{"start":{"line":50,"column":19},"end":{"line":50,"column":25}},"23":{"start":{"line":51,"column":17},"end":{"line":51,"column":34}},"24":{"start":{"line":52,"column":6},"end":{"line":54,"column":null}},"25":{"start":{"line":53,"column":8},"end":{"line":53,"column":null}},"26":{"start":{"line":56,"column":4},"end":{"line":56,"column":null}},"27":{"start":{"line":60,"column":4},"end":{"line":60,"column":null}},"28":{"start":{"line":60,"column":63},"end":{"line":60,"column":89}},"29":{"start":{"line":62,"column":23},"end":{"line":62,"column":null}},"30":{"start":{"line":63,"column":20},"end":{"line":63,"column":null}},"31":{"start":{"line":64,"column":16},"end":{"line":64,"column":null}},"32":{"start":{"line":66,"column":2},"end":{"line":78,"column":null}}},"fnMap":{"0":{"name":"useMealsQuery","decl":{"start":{"line":8,"column":16},"end":{"line":8,"column":30}},"loc":{"start":{"line":8,"column":78},"end":{"line":79,"column":null}}},"1":{"name":"(anonymous_2)","decl":{"start":{"line":25,"column":13},"end":{"line":25,"column":19}},"loc":{"start":{"line":25,"column":19},"end":{"line":25,"column":null}}},"2":{"name":"(anonymous_3)","decl":{"start":{"line":31,"column":48},"end":{"line":31,"column":null}},"loc":{"start":{"line":31,"column":48},"end":{"line":37,"column":5}}},"3":{"name":"(anonymous_4)","decl":{"start":{"line":35,"column":42},"end":{"line":35,"column":43}},"loc":{"start":{"line":35,"column":49},"end":{"line":35,"column":57}}},"4":{"name":"(anonymous_5)","decl":{"start":{"line":40,"column":32},"end":{"line":40,"column":33}},"loc":{"start":{"line":40,"column":41},"end":{"line":44,"column":null}}},"5":{"name":"(anonymous_6)","decl":{"start":{"line":42,"column":15},"end":{"line":42,"column":21}},"loc":{"start":{"line":42,"column":21},"end":{"line":42,"column":null}}},"6":{"name":"(anonymous_7)","decl":{"start":{"line":47,"column":33},"end":{"line":47,"column":null}},"loc":{"start":{"line":47,"column":33},"end":{"line":57,"column":5}}},"7":{"name":"(anonymous_8)","decl":{"start":{"line":49,"column":30},"end":{"line":49,"column":31}},"loc":{"start":{"line":49,"column":34},"end":{"line":55,"column":null}}},"8":{"name":"(anonymous_9)","decl":{"start":{"line":60,"column":56},"end":{"line":60,"column":57}},"loc":{"start":{"line":60,"column":63},"end":{"line":60,"column":89}}}},"branchMap":{"0":{"loc":{"start":{"line":9,"column":29},"end":{"line":9,"column":null}},"type":"binary-expr","locations":[{"start":{"line":9,"column":29},"end":{"line":9,"column":53}},{"start":{"line":9,"column":53},"end":{"line":9,"column":78}},{"start":{"line":9,"column":78},"end":{"line":9,"column":null}}]},"1":{"loc":{"start":{"line":29,"column":19},"end":{"line":29,"column":68}},"type":"cond-expr","locations":[{"start":{"line":29,"column":41},"end":{"line":29,"column":62}},{"start":{"line":29,"column":66},"end":{"line":29,"column":68}}]},"2":{"loc":{"start":{"line":29,"column":41},"end":{"line":29,"column":62}},"type":"binary-expr","locations":[{"start":{"line":29,"column":41},"end":{"line":29,"column":56}},{"start":{"line":29,"column":60},"end":{"line":29,"column":62}}]},"3":{"loc":{"start":{"line":52,"column":6},"end":{"line":54,"column":null}},"type":"if","locations":[{"start":{"line":52,"column":6},"end":{"line":54,"column":null}},{"start":{},"end":{}}]},"4":{"loc":{"start":{"line":52,"column":10},"end":{"line":52,"column":22}},"type":"binary-expr","locations":[{"start":{"line":52,"column":10},"end":{"line":52,"column":16}},{"start":{"line":52,"column":16},"end":{"line":52,"column":22}}]},"5":{"loc":{"start":{"line":60,"column":4},"end":{"line":60,"column":null}},"type":"binary-expr","locations":[{"start":{"line":60,"column":4},"end":{"line":60,"column":33}},{"start":{"line":60,"column":33},"end":{"line":60,"column":null}}]},"6":{"loc":{"start":{"line":60,"column":63},"end":{"line":60,"column":89}},"type":"binary-expr","locations":[{"start":{"line":60,"column":63},"end":{"line":60,"column":74}},{"start":{"line":60,"column":78},"end":{"line":60,"column":89}}]},"7":{"loc":{"start":{"line":62,"column":23},"end":{"line":62,"column":null}},"type":"binary-expr","locations":[{"start":{"line":62,"column":23},"end":{"line":62,"column":46}},{"start":{"line":62,"column":46},"end":{"line":62,"column":66}},{"start":{"line":62,"column":70},"end":{"line":62,"column":90}}]},"8":{"loc":{"start":{"line":63,"column":20},"end":{"line":63,"column":null}},"type":"binary-expr","locations":[{"start":{"line":63,"column":20},"end":{"line":63,"column":36}},{"start":{"line":63,"column":36},"end":{"line":63,"column":null}}]},"9":{"loc":{"start":{"line":64,"column":16},"end":{"line":64,"column":null}},"type":"cond-expr","locations":[{"start":{"line":64,"column":35},"end":{"line":64,"column":70}},{"start":{"line":64,"column":73},"end":{"line":64,"column":null}}]},"10":{"loc":{"start":{"line":72,"column":16},"end":{"line":72,"column":42}},"type":"binary-expr","locations":[{"start":{"line":72,"column":16},"end":{"line":72,"column":36}},{"start":{"line":72,"column":40},"end":{"line":72,"column":42}}]},"11":{"loc":{"start":{"line":73,"column":11},"end":{"line":73,"column":32}},"type":"binary-expr","locations":[{"start":{"line":73,"column":11},"end":{"line":73,"column":26}},{"start":{"line":73,"column":30},"end":{"line":73,"column":32}}]},"12":{"loc":{"start":{"line":74,"column":20},"end":{"line":74,"column":69}},"type":"binary-expr","locations":[{"start":{"line":74,"column":20},"end":{"line":74,"column":45}},{"start":{"line":74,"column":49},"end":{"line":74,"column":69}}]}},"s":{"0":25,"1":2,"2":2,"3":2,"4":2,"5":2,"6":25,"7":25,"8":25,"9":25,"10":5,"11":25,"12":25,"13":19,"14":19,"15":4,"16":25,"17":10,"18":4,"19":25,"20":25,"21":25,"22":10,"23":10,"24":10,"25":6,"26":25,"27":25,"28":10,"29":25,"30":25,"31":25,"32":25},"f":{"0":25,"1":5,"2":19,"3":4,"4":10,"5":4,"6":25,"7":10,"8":10},"b":{"0":[25,10,10],"1":[15,10],"2":[15,5],"3":[6,4],"4":[10,10],"5":[25,10],"6":[10,6],"7":[25,15,10],"8":[25,20],"9":[0,25],"10":[25,13],"11":[25,13],"12":[25,12]}}
,"/Users/sudheer/Desktop/recipe-1/hooks/useUrlState.ts": {"path":"/Users/sudheer/Desktop/recipe-1/hooks/useUrlState.ts","statementMap":{"0":{"start":{"line":18,"column":16},"end":{"line":18,"column":null}},"1":{"start":{"line":1,"column":26},"end":{"line":1,"column":null}},"2":{"start":{"line":2,"column":47},"end":{"line":2,"column":null}},"3":{"start":{"line":3,"column":51},"end":{"line":3,"column":null}},"4":{"start":{"line":7,"column":20},"end":{"line":7,"column":null}},"5":{"start":{"line":10,"column":28},"end":{"line":10,"column":null}},"6":{"start":{"line":11,"column":17},"end":{"line":11,"column":null}},"7":{"start":{"line":12,"column":2},"end":{"line":14,"column":null}},"8":{"start":{"line":13,"column":4},"end":{"line":13,"column":null}},"9":{"start":{"line":15,"column":2},"end":{"line":15,"column":null}},"10":{"start":{"line":19,"column":17},"end":{"line":19,"column":null}},"11":{"start":{"line":20,"column":22},"end":{"line":20,"column":null}},"12":{"start":{"line":22,"column":16},"end":{"line":26,"column":null}},"13":{"start":{"line":28,"column":20},"end":{"line":62,"column":null}},"14":{"start":{"line":30,"column":34},"end":{"line":35,"column":null}},"15":{"start":{"line":37,"column":21},"end":{"line":37,"column":null}},"16":{"start":{"line":38,"column":26},"end":{"line":38,"column":null}},"17":{"start":{"line":39,"column":18},"end":{"line":39,"column":null}},"18":{"start":{"line":41,"column":23},"end":{"line":47,"column":null}},"19":{"start":{"line":42,"column":8},"end":{"line":46,"column":null}},"20":{"start":{"line":43,"column":10},"end":{"line":43,"column":null}},"21":{"start":{"line":45,"column":10},"end":{"line":45,"column":null}},"22":{"start":{"line":49,"column":6},"end":{"line":60,"column":null}},"23":{"start":{"line":50,"column":8},"end":{"line":52,"column":null}},"24":{"start":{"line":51,"column":10},"end":{"line":51,"column":null}},"25":{"start":{"line":53,"column":8},"end":{"line":53,"column":null}},"26":{"start":{"line":55,"column":8},"end":{"line":58,"column":null}},"27":{"start":{"line":56,"column":10},"end":{"line":56,"column":null}},"28":{"start":{"line":57,"column":10},"end":{"line":57,"column":null}},"29":{"start":{"line":59,"column":8},"end":{"line":59,"column":null}},"30":{"start":{"line":65,"column":2},"end":{"line":71,"column":null}},"31":{"start":{"line":66,"column":4},"end":{"line":70,"column":null}},"32":{"start":{"line":67,"column":6},"end":{"line":69,"column":null}},"33":{"start":{"line":68,"column":8},"end":{"line":68,"column":null}},"34":{"start":{"line":73,"column":20},"end":{"line":77,"column":null}},"35":{"start":{"line":75,"column":6},"end":{"line":75,"column":null}},"36":{"start":{"line":80,"column":25},"end":{"line":87,"column":null}},"37":{"start":{"line":82,"column":28},"end":{"line":84,"column":null}},"38":{"start":{"line":83,"column":41},"end":{"line":83,"column":null}},"39":{"start":{"line":85,"column":6},"end":{"line":85,"column":null}},"40":{"start":{"line":90,"column":21},"end":{"line":97,"column":null}},"41":{"start":{"line":92,"column":23},"end":{"line":94,"column":null}},"42":{"start":{"line":93,"column":36},"end":{"line":93,"column":null}},"43":{"start":{"line":95,"column":6},"end":{"line":95,"column":null}},"44":{"start":{"line":100,"column":25},"end":{"line":105,"column":null}},"45":{"start":{"line":102,"column":28},"end":{"line":102,"column":null}},"46":{"start":{"line":102,"column":59},"end":{"line":102,"column":null}},"47":{"start":{"line":103,"column":6},"end":{"line":103,"column":null}},"48":{"start":{"line":108,"column":21},"end":{"line":113,"column":null}},"49":{"start":{"line":110,"column":23},"end":{"line":110,"column":null}},"50":{"start":{"line":110,"column":49},"end":{"line":110,"column":null}},"51":{"start":{"line":111,"column":6},"end":{"line":111,"column":null}},"52":{"start":{"line":116,"column":18},"end":{"line":120,"column":null}},"53":{"start":{"line":118,"column":6},"end":{"line":118,"column":null}},"54":{"start":{"line":123,"column":2},"end":{"line":131,"column":null}}},"fnMap":{"0":{"name":"queryFromSearch","decl":{"start":{"line":9,"column":9},"end":{"line":9,"column":25}},"loc":{"start":{"line":9,"column":39},"end":{"line":16,"column":null}}},"1":{"name":"(anonymous_2)","decl":{"start":{"line":12,"column":17},"end":{"line":12,"column":18}},"loc":{"start":{"line":12,"column":21},"end":{"line":14,"column":null}}},"2":{"name":"useUrlState","decl":{"start":{"line":18,"column":16},"end":{"line":18,"column":null}},"loc":{"start":{"line":18,"column":16},"end":{"line":132,"column":null}}},"3":{"name":"(anonymous_4)","decl":{"start":{"line":29,"column":4},"end":{"line":29,"column":5}},"loc":{"start":{"line":29,"column":37},"end":{"line":61,"column":null}}},"4":{"name":"(anonymous_5)","decl":{"start":{"line":41,"column":23},"end":{"line":41,"column":null}},"loc":{"start":{"line":41,"column":23},"end":{"line":47,"column":null}}},"5":{"name":"(anonymous_6)","decl":{"start":{"line":65,"column":12},"end":{"line":65,"column":null}},"loc":{"start":{"line":65,"column":12},"end":{"line":71,"column":5}}},"6":{"name":"(anonymous_7)","decl":{"start":{"line":66,"column":11},"end":{"line":66,"column":null}},"loc":{"start":{"line":66,"column":11},"end":{"line":70,"column":null}}},"7":{"name":"(anonymous_8)","decl":{"start":{"line":74,"column":4},"end":{"line":74,"column":5}},"loc":{"start":{"line":74,"column":5},"end":{"line":76,"column":null}}},"8":{"name":"(anonymous_9)","decl":{"start":{"line":81,"column":4},"end":{"line":81,"column":5}},"loc":{"start":{"line":81,"column":5},"end":{"line":86,"column":null}}},"9":{"name":"(anonymous_10)","decl":{"start":{"line":83,"column":34},"end":{"line":83,"column":35}},"loc":{"start":{"line":83,"column":41},"end":{"line":83,"column":null}}},"10":{"name":"(anonymous_11)","decl":{"start":{"line":91,"column":4},"end":{"line":91,"column":5}},"loc":{"start":{"line":91,"column":5},"end":{"line":96,"column":null}}},"11":{"name":"(anonymous_12)","decl":{"start":{"line":93,"column":29},"end":{"line":93,"column":30}},"loc":{"start":{"line":93,"column":36},"end":{"line":93,"column":null}}},"12":{"name":"(anonymous_13)","decl":{"start":{"line":101,"column":4},"end":{"line":101,"column":5}},"loc":{"start":{"line":101,"column":5},"end":{"line":104,"column":null}}},"13":{"name":"(anonymous_14)","decl":{"start":{"line":102,"column":52},"end":{"line":102,"column":53}},"loc":{"start":{"line":102,"column":59},"end":{"line":102,"column":null}}},"14":{"name":"(anonymous_15)","decl":{"start":{"line":109,"column":4},"end":{"line":109,"column":5}},"loc":{"start":{"line":109,"column":5},"end":{"line":112,"column":null}}},"15":{"name":"(anonymous_16)","decl":{"start":{"line":110,"column":42},"end":{"line":110,"column":43}},"loc":{"start":{"line":110,"column":49},"end":{"line":110,"column":null}}},"16":{"name":"(anonymous_17)","decl":{"start":{"line":117,"column":4},"end":{"line":117,"column":5}},"loc":{"start":{"line":117,"column":5},"end":{"line":119,"column":null}}}},"branchMap":{"0":{"loc":{"start":{"line":22,"column":16},"end":{"line":26,"column":null}},"type":"cond-expr","locations":[{"start":{"line":23,"column":6},"end":{"line":23,"column":null}},{"start":{"line":24,"column":6},"end":{"line":26,"column":null}}]},"1":{"loc":{"start":{"line":24,"column":6},"end":{"line":26,"column":null}},"type":"cond-expr","locations":[{"start":{"line":25,"column":8},"end":{"line":25,"column":null}},{"start":{"line":26,"column":8},"end":{"line":26,"column":null}}]},"2":{"loc":{"start":{"line":31,"column":16},"end":{"line":31,"column":47}},"type":"binary-expr","locations":[{"start":{"line":31,"column":16},"end":{"line":31,"column":31}},{"start":{"line":31,"column":35},"end":{"line":31,"column":47}}]},"3":{"loc":{"start":{"line":32,"column":20},"end":{"line":32,"column":59}},"type":"binary-expr","locations":[{"start":{"line":32,"column":20},"end":{"line":32,"column":39}},{"start":{"line":32,"column":43},"end":{"line":32,"column":59}}]},"4":{"loc":{"start":{"line":33,"column":15},"end":{"line":33,"column":44}},"type":"binary-expr","locations":[{"start":{"line":33,"column":15},"end":{"line":33,"column":29}},{"start":{"line":33,"column":33},"end":{"line":33,"column":44}}]},"5":{"loc":{"start":{"line":34,"column":14},"end":{"line":34,"column":41}},"type":"binary-expr","locations":[{"start":{"line":34,"column":14},"end":{"line":34,"column":27}},{"start":{"line":34,"column":31},"end":{"line":34,"column":41}}]},"6":{"loc":{"start":{"line":39,"column":18},"end":{"line":39,"column":null}},"type":"cond-expr","locations":[{"start":{"line":39,"column":32},"end":{"line":39,"column":50}},{"start":{"line":39,"column":53},"end":{"line":39,"column":null}}]},"7":{"loc":{"start":{"line":42,"column":8},"end":{"line":46,"column":null}},"type":"if","locations":[{"start":{"line":42,"column":8},"end":{"line":46,"column":null}},{"start":{"line":44,"column":15},"end":{"line":46,"column":null}}]},"8":{"loc":{"start":{"line":49,"column":6},"end":{"line":60,"column":null}},"type":"if","locations":[{"start":{"line":49,"column":6},"end":{"line":60,"column":null}},{"start":{"line":54,"column":13},"end":{"line":60,"column":null}}]},"9":{"loc":{"start":{"line":50,"column":8},"end":{"line":52,"column":null}},"type":"if","locations":[{"start":{"line":50,"column":8},"end":{"line":52,"column":null}},{"start":{},"end":{}}]},"10":{"loc":{"start":{"line":55,"column":8},"end":{"line":58,"column":null}},"type":"if","locations":[{"start":{"line":55,"column":8},"end":{"line":58,"column":null}},{"start":{},"end":{}}]},"11":{"loc":{"start":{"line":67,"column":6},"end":{"line":69,"column":null}},"type":"if","locations":[{"start":{"line":67,"column":6},"end":{"line":69,"column":null}},{"start":{},"end":{}}]},"12":{"loc":{"start":{"line":82,"column":28},"end":{"line":84,"column":null}},"type":"cond-expr","locations":[{"start":{"line":83,"column":10},"end":{"line":83,"column":null}},{"start":{"line":84,"column":10},"end":{"line":84,"column":null}}]},"13":{"loc":{"start":{"line":92,"column":23},"end":{"line":94,"column":null}},"type":"cond-expr","locations":[{"start":{"line":93,"column":10},"end":{"line":93,"column":null}},{"start":{"line":94,"column":10},"end":{"line":94,"column":null}}]}},"s":{"0":25,"1":2,"2":2,"3":2,"4":2,"5":13,"6":13,"7":13,"8":0,"9":13,"10":25,"11":25,"12":25,"13":25,"14":16,"15":16,"16":16,"17":16,"18":16,"19":13,"20":13,"21":0,"22":16,"23":5,"24":1,"25":5,"26":11,"27":1,"28":1,"29":11,"30":25,"31":22,"32":22,"33":3,"34":25,"35":5,"36":25,"37":5,"38":0,"39":5,"40":25,"41":3,"42":0,"43":3,"44":25,"45":1,"46":0,"47":1,"48":25,"49":1,"50":0,"51":1,"52":25,"53":1,"54":25},"f":{"0":13,"1":0,"2":25,"3":16,"4":13,"5":22,"6":22,"7":5,"8":5,"9":0,"10":3,"11":0,"12":1,"13":0,"14":1,"15":0,"16":1},"b":{"0":[12,13],"1":[13,0],"2":[16,11],"3":[16,5],"4":[16,7],"5":[16,0],"6":[14,2],"7":[13,0],"8":[5,11],"9":[1,4],"10":[1,10],"11":[3,19],"12":[0,5],"13":[0,3]}}
,"/Users/sudheer/Desktop/recipe-1/lib/api.ts": {"path":"/Users/sudheer/Desktop/recipe-1/lib/api.ts","statementMap":{"0":{"start":{"line":127,"column":16},"end":{"line":127,"column":35}},"1":{"start":{"line":18,"column":22},"end":{"line":18,"column":34}},"2":{"start":{"line":145,"column":16},"end":{"line":145,"column":null}},"3":{"start":{"line":109,"column":22},"end":{"line":109,"column":34}},"4":{"start":{"line":103,"column":22},"end":{"line":103,"column":31}},"5":{"start":{"line":97,"column":22},"end":{"line":97,"column":36}},"6":{"start":{"line":63,"column":22},"end":{"line":63,"column":null}},"7":{"start":{"line":85,"column":22},"end":{"line":85,"column":null}},"8":{"start":{"line":73,"column":22},"end":{"line":73,"column":null}},"9":{"start":{"line":166,"column":16},"end":{"line":166,"column":null}},"10":{"start":{"line":51,"column":22},"end":{"line":51,"column":null}},"11":{"start":{"line":14,"column":17},"end":{"line":14,"column":null}},"12":{"start":{"line":19,"column":2},"end":{"line":48,"column":null}},"13":{"start":{"line":20,"column":21},"end":{"line":20,"column":null}},"14":{"start":{"line":22,"column":4},"end":{"line":30,"column":null}},"15":{"start":{"line":23,"column":6},"end":{"line":29,"column":null}},"16":{"start":{"line":32,"column":18},"end":{"line":32,"column":null}},"17":{"start":{"line":33,"column":4},"end":{"line":33,"column":null}},"18":{"start":{"line":35,"column":4},"end":{"line":40,"column":null}},"19":{"start":{"line":36,"column":6},"end":{"line":39,"column":null}},"20":{"start":{"line":41,"column":4},"end":{"line":47,"column":null}},"21":{"start":{"line":55,"column":17},"end":{"line":57,"column":null}},"22":{"start":{"line":59,"column":2},"end":{"line":59,"column":null}},"23":{"start":{"line":59,"column":18},"end":{"line":59,"column":null}},"24":{"start":{"line":60,"column":2},"end":{"line":60,"column":null}},"25":{"start":{"line":67,"column":17},"end":{"line":67,"column":null}},"26":{"start":{"line":68,"column":2},"end":{"line":68,"column":null}},"27":{"start":{"line":68,"column":18},"end":{"line":68,"column":null}},"28":{"start":{"line":69,"column":15},"end":{"line":69,"column":null}},"29":{"start":{"line":70,"column":2},"end":{"line":70,"column":null}},"30":{"start":{"line":77,"column":17},"end":{"line":79,"column":null}},"31":{"start":{"line":81,"column":2},"end":{"line":81,"column":null}},"32":{"start":{"line":81,"column":18},"end":{"line":81,"column":null}},"33":{"start":{"line":82,"column":2},"end":{"line":82,"column":null}},"34":{"start":{"line":89,"column":17},"end":{"line":91,"column":null}},"35":{"start":{"line":93,"column":2},"end":{"line":93,"column":null}},"36":{"start":{"line":93,"column":18},"end":{"line":93,"column":null}},"37":{"start":{"line":94,"column":2},"end":{"line":94,"column":null}},"38":{"start":{"line":98,"column":17},"end":{"line":98,"column":null}},"39":{"start":{"line":99,"column":2},"end":{"line":99,"column":null}},"40":{"start":{"line":99,"column":18},"end":{"line":99,"column":null}},"41":{"start":{"line":100,"column":2},"end":{"line":100,"column":null}},"42":{"start":{"line":104,"column":17},"end":{"line":104,"column":null}},"43":{"start":{"line":105,"column":2},"end":{"line":105,"column":null}},"44":{"start":{"line":105,"column":18},"end":{"line":105,"column":null}},"45":{"start":{"line":106,"column":2},"end":{"line":106,"column":null}},"46":{"start":{"line":110,"column":19},"end":{"line":110,"column":null}},"47":{"start":{"line":111,"column":33},"end":{"line":111,"column":35}},"48":{"start":{"line":113,"column":2},"end":{"line":122,"column":null}},"49":{"start":{"line":114,"column":19},"end":{"line":114,"column":null}},"50":{"start":{"line":115,"column":4},"end":{"line":118,"column":null}},"51":{"start":{"line":116,"column":6},"end":{"line":116,"column":null}},"52":{"start":{"line":116,"column":43},"end":{"line":116,"column":null}},"53":{"start":{"line":117,"column":6},"end":{"line":117,"column":null}},"54":{"start":{"line":119,"column":4},"end":{"line":121,"column":null}},"55":{"start":{"line":120,"column":6},"end":{"line":120,"column":null}},"56":{"start":{"line":124,"column":2},"end":{"line":124,"column":null}},"57":{"start":{"line":128,"column":36},"end":{"line":128,"column":38}},"58":{"start":{"line":130,"column":2},"end":{"line":140,"column":null}},"59":{"start":{"line":130,"column":15},"end":{"line":130,"column":18}},"60":{"start":{"line":131,"column":23},"end":{"line":131,"column":62}},"61":{"start":{"line":132,"column":20},"end":{"line":132,"column":56}},"62":{"start":{"line":134,"column":4},"end":{"line":139,"column":null}},"63":{"start":{"line":135,"column":6},"end":{"line":138,"column":null}},"64":{"start":{"line":142,"column":2},"end":{"line":142,"column":null}},"65":{"start":{"line":151,"column":2},"end":{"line":153,"column":null}},"66":{"start":{"line":152,"column":4},"end":{"line":152,"column":null}},"67":{"start":{"line":155,"column":2},"end":{"line":163,"column":null}},"68":{"start":{"line":156,"column":20},"end":{"line":156,"column":null}},"69":{"start":{"line":157,"column":4},"end":{"line":157,"column":null}},"70":{"start":{"line":157,"column":18},"end":{"line":157,"column":null}},"71":{"start":{"line":159,"column":26},"end":{"line":159,"column":null}},"72":{"start":{"line":160,"column":22},"end":{"line":160,"column":null}},"73":{"start":{"line":162,"column":4},"end":{"line":162,"column":null}},"74":{"start":{"line":171,"column":21},"end":{"line":171,"column":null}},"75":{"start":{"line":172,"column":20},"end":{"line":172,"column":null}},"76":{"start":{"line":173,"column":16},"end":{"line":173,"column":null}},"77":{"start":{"line":174,"column":14},"end":{"line":174,"column":null}},"78":{"start":{"line":176,"column":2},"end":{"line":179,"column":null}}},"fnMap":{"0":{"name":"fetchApi","decl":{"start":{"line":18,"column":22},"end":{"line":18,"column":34}},"loc":{"start":{"line":18,"column":72},"end":{"line":49,"column":null}}},"1":{"name":"searchMeals","decl":{"start":{"line":51,"column":22},"end":{"line":51,"column":null}},"loc":{"start":{"line":53,"column":22},"end":{"line":61,"column":null}}},"2":{"name":"getMealById","decl":{"start":{"line":63,"column":22},"end":{"line":63,"column":null}},"loc":{"start":{"line":65,"column":22},"end":{"line":71,"column":null}}},"3":{"name":"getMealsByCategory","decl":{"start":{"line":73,"column":22},"end":{"line":73,"column":null}},"loc":{"start":{"line":75,"column":22},"end":{"line":83,"column":null}}},"4":{"name":"getMealsByArea","decl":{"start":{"line":85,"column":22},"end":{"line":85,"column":null}},"loc":{"start":{"line":87,"column":22},"end":{"line":95,"column":null}}},"5":{"name":"getCategories","decl":{"start":{"line":97,"column":22},"end":{"line":97,"column":36}},"loc":{"start":{"line":97,"column":56},"end":{"line":101,"column":null}}},"6":{"name":"getAreas","decl":{"start":{"line":103,"column":22},"end":{"line":103,"column":31}},"loc":{"start":{"line":103,"column":51},"end":{"line":107,"column":null}}},"7":{"name":"getAllMeals","decl":{"start":{"line":109,"column":22},"end":{"line":109,"column":34}},"loc":{"start":{"line":109,"column":54},"end":{"line":125,"column":null}}},"8":{"name":"extractIngredients","decl":{"start":{"line":127,"column":16},"end":{"line":127,"column":35}},"loc":{"start":{"line":127,"column":45},"end":{"line":143,"column":null}}},"9":{"name":"filterMeals","decl":{"start":{"line":145,"column":16},"end":{"line":145,"column":null}},"loc":{"start":{"line":149,"column":17},"end":{"line":164,"column":null}}},"10":{"name":"(anonymous_22)","decl":{"start":{"line":155,"column":22},"end":{"line":155,"column":23}},"loc":{"start":{"line":155,"column":23},"end":{"line":163,"column":null}}},"11":{"name":"paginateMeals","decl":{"start":{"line":166,"column":16},"end":{"line":166,"column":null}},"loc":{"start":{"line":169,"column":22},"end":{"line":180,"column":null}}}},"branchMap":{"0":{"loc":{"start":{"line":22,"column":4},"end":{"line":30,"column":null}},"type":"if","locations":[{"start":{"line":22,"column":4},"end":{"line":30,"column":null}},{"start":{},"end":{}}]},"1":{"loc":{"start":{"line":35,"column":4},"end":{"line":40,"column":null}},"type":"if","locations":[{"start":{"line":35,"column":4},"end":{"line":40,"column":null}},{"start":{},"end":{}}]},"2":{"loc":{"start":{"line":35,"column":8},"end":{"line":35,"column":63}},"type":"binary-expr","locations":[{"start":{"line":35,"column":8},"end":{"line":35,"column":34}},{"start":{"line":35,"column":34},"end":{"line":35,"column":63}}]},"3":{"loc":{"start":{"line":45,"column":17},"end":{"line":45,"column":null}},"type":"cond-expr","locations":[{"start":{"line":45,"column":42},"end":{"line":45,"column":55}},{"start":{"line":45,"column":58},"end":{"line":45,"column":null}}]},"4":{"loc":{"start":{"line":59,"column":2},"end":{"line":59,"column":null}},"type":"if","locations":[{"start":{"line":59,"column":2},"end":{"line":59,"column":null}},{"start":{},"end":{}}]},"5":{"loc":{"start":{"line":60,"column":27},"end":{"line":60,"column":50}},"type":"binary-expr","locations":[{"start":{"line":60,"column":27},"end":{"line":60,"column":44}},{"start":{"line":60,"column":48},"end":{"line":60,"column":50}}]},"6":{"loc":{"start":{"line":68,"column":2},"end":{"line":68,"column":null}},"type":"if","locations":[{"start":{"line":68,"column":2},"end":{"line":68,"column":null}},{"start":{},"end":{}}]},"7":{"loc":{"start":{"line":69,"column":15},"end":{"line":69,"column":null}},"type":"binary-expr","locations":[{"start":{"line":69,"column":15},"end":{"line":69,"column":37}},{"start":{"line":69,"column":41},"end":{"line":69,"column":null}}]},"8":{"loc":{"start":{"line":81,"column":2},"end":{"line":81,"column":null}},"type":"if","locations":[{"start":{"line":81,"column":2},"end":{"line":81,"column":null}},{"start":{},"end":{}}]},"9":{"loc":{"start":{"line":82,"column":27},"end":{"line":82,"column":50}},"type":"binary-expr","locations":[{"start":{"line":82,"column":27},"end":{"line":82,"column":44}},{"start":{"line":82,"column":48},"end":{"line":82,"column":50}}]},"10":{"loc":{"start":{"line":93,"column":2},"end":{"line":93,"column":null}},"type":"if","locations":[{"start":{"line":93,"column":2},"end":{"line":93,"column":null}},{"start":{},"end":{}}]},"11":{"loc":{"start":{"line":94,"column":27},"end":{"line":94,"column":50}},"type":"binary-expr","locations":[{"start":{"line":94,"column":27},"end":{"line":94,"column":44}},{"start":{"line":94,"column":48},"end":{"line":94,"column":50}}]},"12":{"loc":{"start":{"line":99,"column":2},"end":{"line":99,"column":null}},"type":"if","locations":[{"start":{"line":99,"column":2},"end":{"line":99,"column":null}},{"start":{},"end":{}}]},"13":{"loc":{"start":{"line":100,"column":27},"end":{"line":100,"column":55}},"type":"binary-expr","locations":[{"start":{"line":100,"column":27},"end":{"line":100,"column":49}},{"start":{"line":100,"column":53},"end":{"line":100,"column":55}}]},"14":{"loc":{"start":{"line":105,"column":2},"end":{"line":105,"column":null}},"type":"if","locations":[{"start":{"line":105,"column":2},"end":{"line":105,"column":null}},{"start":{},"end":{}}]},"15":{"loc":{"start":{"line":106,"column":27},"end":{"line":106,"column":50}},"type":"binary-expr","locations":[{"start":{"line":106,"column":27},"end":{"line":106,"column":44}},{"start":{"line":106,"column":48},"end":{"line":106,"column":50}}]},"16":{"loc":{"start":{"line":115,"column":4},"end":{"line":118,"column":null}},"type":"if","locations":[{"start":{"line":115,"column":4},"end":{"line":118,"column":null}},{"start":{},"end":{}}]},"17":{"loc":{"start":{"line":116,"column":6},"end":{"line":116,"column":null}},"type":"if","locations":[{"start":{"line":116,"column":6},"end":{"line":116,"column":null}},{"start":{},"end":{}}]},"18":{"loc":{"start":{"line":119,"column":4},"end":{"line":121,"column":null}},"type":"if","locations":[{"start":{"line":119,"column":4},"end":{"line":121,"column":null}},{"start":{},"end":{}}]},"19":{"loc":{"start":{"line":134,"column":4},"end":{"line":139,"column":null}},"type":"if","locations":[{"start":{"line":134,"column":4},"end":{"line":139,"column":null}},{"start":{},"end":{}}]},"20":{"loc":{"start":{"line":134,"column":8},"end":{"line":134,"column":41}},"type":"binary-expr","locations":[{"start":{"line":134,"column":8},"end":{"line":134,"column":22}},{"start":{"line":134,"column":22},"end":{"line":134,"column":41}}]},"21":{"loc":{"start":{"line":137,"column":17},"end":{"line":137,"column":null}},"type":"binary-expr","locations":[{"start":{"line":137,"column":17},"end":{"line":137,"column":36}},{"start":{"line":137,"column":36},"end":{"line":137,"column":null}}]},"22":{"loc":{"start":{"line":151,"column":2},"end":{"line":153,"column":null}},"type":"if","locations":[{"start":{"line":151,"column":2},"end":{"line":153,"column":null}},{"start":{},"end":{}}]},"23":{"loc":{"start":{"line":151,"column":6},"end":{"line":151,"column":53}},"type":"binary-expr","locations":[{"start":{"line":151,"column":6},"end":{"line":151,"column":33}},{"start":{"line":151,"column":33},"end":{"line":151,"column":53}}]},"24":{"loc":{"start":{"line":157,"column":4},"end":{"line":157,"column":null}},"type":"if","locations":[{"start":{"line":157,"column":4},"end":{"line":157,"column":null}},{"start":{},"end":{}}]},"25":{"loc":{"start":{"line":159,"column":26},"end":{"line":159,"column":null}},"type":"binary-expr","locations":[{"start":{"line":159,"column":26},"end":{"line":159,"column":53}},{"start":{"line":159,"column":53},"end":{"line":159,"column":null}}]},"26":{"loc":{"start":{"line":160,"column":22},"end":{"line":160,"column":null}},"type":"binary-expr","locations":[{"start":{"line":160,"column":22},"end":{"line":160,"column":44}},{"start":{"line":160,"column":44},"end":{"line":160,"column":null}}]},"27":{"loc":{"start":{"line":162,"column":11},"end":{"line":162,"column":null}},"type":"binary-expr","locations":[{"start":{"line":162,"column":11},"end":{"line":162,"column":28}},{"start":{"line":162,"column":28},"end":{"line":162,"column":null}}]}},"s":{"0":13,"1":5,"2":6,"3":3,"4":2,"5":2,"6":2,"7":2,"8":2,"9":25,"10":3,"11":4,"12":71,"13":71,"14":67,"15":3,"16":64,"17":64,"18":4,"19":2,"20":2,"21":3,"22":3,"23":1,"24":2,"25":2,"26":2,"27":0,"28":2,"29":2,"30":2,"31":2,"32":0,"33":2,"34":2,"35":2,"36":0,"37":2,"38":2,"39":2,"40":0,"41":2,"42":2,"43":2,"44":0,"45":2,"46":3,"47":3,"48":3,"49":53,"50":53,"51":2,"52":1,"53":1,"54":51,"55":1,"56":2,"57":13,"58":13,"59":13,"60":260,"61":260,"62":260,"63":22,"64":13,"65":6,"66":1,"67":5,"68":16,"69":16,"70":1,"71":15,"72":15,"73":15,"74":25,"75":25,"76":25,"77":25,"78":25},"f":{"0":71,"1":3,"2":2,"3":2,"4":2,"5":2,"6":2,"7":3,"8":13,"9":6,"10":16,"11":25},"b":{"0":[3,64],"1":[2,2],"2":[4,3],"3":[1,1],"4":[1,2],"5":[2,1],"6":[0,2],"7":[2,1],"8":[0,2],"9":[2,1],"10":[0,2],"11":[2,1],"12":[0,2],"13":[2,1],"14":[0,2],"15":[2,1],"16":[2,51],"17":[1,1],"18":[1,50],"19":[22,238],"20":[260,22],"21":[22,1],"22":[1,5],"23":[6,2],"24":[1,15],"25":[15,12],"26":[15,6],"27":[15,6]}}
,"/Users/sudheer/Desktop/recipe-1/lib/apiClient.ts": {"path":"/Users/sudheer/Desktop/recipe-1/lib/apiClient.ts","statementMap":{"0":{"start":{"line":19,"column":22},"end":{"line":19,"column":null}},"1":{"start":{"line":24,"column":22},"end":{"line":24,"column":null}},"2":{"start":{"line":14,"column":22},"end":{"line":14,"column":null}},"3":{"start":{"line":37,"column":22},"end":{"line":37,"column":36}},"4":{"start":{"line":5,"column":4},"end":{"line":5,"column":null}},"5":{"start":{"line":6,"column":14},"end":{"line":6,"column":null}},"6":{"start":{"line":7,"column":15},"end":{"line":7,"column":null}},"7":{"start":{"line":8,"column":2},"end":{"line":10,"column":null}},"8":{"start":{"line":9,"column":4},"end":{"line":9,"column":null}},"9":{"start":{"line":11,"column":2},"end":{"line":11,"column":null}},"10":{"start":{"line":15,"column":15},"end":{"line":15,"column":null}},"11":{"start":{"line":16,"column":2},"end":{"line":16,"column":null}},"12":{"start":{"line":20,"column":15},"end":{"line":20,"column":null}},"13":{"start":{"line":21,"column":2},"end":{"line":21,"column":null}},"14":{"start":{"line":29,"column":41},"end":{"line":29,"column":null}},"15":{"start":{"line":30,"column":2},"end":{"line":30,"column":null}},"16":{"start":{"line":30,"column":21},"end":{"line":30,"column":null}},"17":{"start":{"line":31,"column":2},"end":{"line":31,"column":null}},"18":{"start":{"line":31,"column":25},"end":{"line":31,"column":null}},"19":{"start":{"line":32,"column":2},"end":{"line":32,"column":null}},"20":{"start":{"line":32,"column":20},"end":{"line":32,"column":null}},"21":{"start":{"line":33,"column":15},"end":{"line":33,"column":null}},"22":{"start":{"line":34,"column":2},"end":{"line":34,"column":null}},"23":{"start":{"line":38,"column":15},"end":{"line":38,"column":null}},"24":{"start":{"line":39,"column":2},"end":{"line":39,"column":null}}},"fnMap":{"0":{"name":"apiGet","decl":{"start":{"line":3,"column":15},"end":{"line":3,"column":25}},"loc":{"start":{"line":3,"column":70},"end":{"line":12,"column":null}}},"1":{"name":"fetchCategories","decl":{"start":{"line":14,"column":22},"end":{"line":14,"column":null}},"loc":{"start":{"line":14,"column":22},"end":{"line":17,"column":null}}},"2":{"name":"fetchAreas","decl":{"start":{"line":19,"column":22},"end":{"line":19,"column":null}},"loc":{"start":{"line":19,"column":22},"end":{"line":22,"column":null}}},"3":{"name":"fetchBaseMeals","decl":{"start":{"line":24,"column":22},"end":{"line":24,"column":null}},"loc":{"start":{"line":27,"column":17},"end":{"line":35,"column":null}}},"4":{"name":"fetchMealById","decl":{"start":{"line":37,"column":22},"end":{"line":37,"column":36}},"loc":{"start":{"line":37,"column":46},"end":{"line":40,"column":null}}}},"branchMap":{"0":{"loc":{"start":{"line":5,"column":4},"end":{"line":5,"column":null}},"type":"cond-expr","locations":[{"start":{"line":5,"column":43},"end":{"line":5,"column":90}},{"start":{"line":5,"column":90},"end":{"line":5,"column":null}}]},"1":{"loc":{"start":{"line":5,"column":4},"end":{"line":5,"column":40}},"type":"binary-expr","locations":[{"start":{"line":5,"column":4},"end":{"line":5,"column":14}},{"start":{"line":5,"column":14},"end":{"line":5,"column":40}}]},"2":{"loc":{"start":{"line":8,"column":2},"end":{"line":10,"column":null}},"type":"if","locations":[{"start":{"line":8,"column":2},"end":{"line":10,"column":null}},{"start":{},"end":{}}]},"3":{"loc":{"start":{"line":9,"column":20},"end":{"line":9,"column":48}},"type":"binary-expr","locations":[{"start":{"line":9,"column":20},"end":{"line":9,"column":30}},{"start":{"line":9,"column":34},"end":{"line":9,"column":48}}]},"4":{"loc":{"start":{"line":30,"column":2},"end":{"line":30,"column":null}},"type":"if","locations":[{"start":{"line":30,"column":2},"end":{"line":30,"column":null}},{"start":{},"end":{}}]},"5":{"loc":{"start":{"line":31,"column":2},"end":{"line":31,"column":null}},"type":"if","locations":[{"start":{"line":31,"column":2},"end":{"line":31,"column":null}},{"start":{},"end":{}}]},"6":{"loc":{"start":{"line":32,"column":2},"end":{"line":32,"column":null}},"type":"if","locations":[{"start":{"line":32,"column":2},"end":{"line":32,"column":null}},{"start":{},"end":{}}]}},"s":{"0":25,"1":5,"2":25,"3":17,"4":48,"5":48,"6":47,"7":45,"8":0,"9":45,"10":13,"11":13,"12":13,"13":13,"14":5,"15":5,"16":5,"17":5,"18":0,"19":5,"20":0,"21":5,"22":5,"23":17,"24":14},"f":{"0":48,"1":13,"2":13,"3":5,"4":17},"b":{"0":[5,43],"1":[48,5],"2":[0,45],"3":[0,0],"4":[5,0],"5":[0,5],"6":[0,5]}}
[...]
,"/Users/sudheer/Desktop/recipe-1/pages/api/hello.ts": {"path":"/Users/sudheer/Desktop/recipe-1/pages/api/hello.ts","statementMap":{"0":{"start":{"line":8,"column":24},"end":{"line":8,"column":null}},"1":{"start":{"line":12,"column":2},"end":{"line":12,"column":null}}},"fnMap":{"0":{"name":"handler","decl":{"start":{"line":8,"column":24},"end":{"line":8,"column":null}},"loc":{"start":{"line":10,"column":28},"end":{"line":13,"column":null}}}},"branchMap":{},"s":{"0":0,"1":0},"f":{"0":0},"b":{}}
,"/Users/sudheer/Desktop/recipe-1/pages/api/meals/[id].ts": {"path":"/Users/sudheer/Desktop/recipe-1/pages/api/meals/[id].ts","statementMap":{"0":{"start":{"line":7,"column":30},"end":{"line":7,"column":38}},"1":{"start":{"line":2,"column":28},"end":{"line":2,"column":null}},"2":{"start":{"line":8,"column":2},"end":{"line":11,"column":null}},"3":{"start":{"line":9,"column":4},"end":{"line":9,"column":null}},"4":{"start":{"line":10,"column":4},"end":{"line":10,"column":null}},"5":{"start":{"line":13,"column":13},"end":{"line":13,"column":25}},"6":{"start":{"line":14,"column":2},"end":{"line":16,"column":null}},"7":{"start":{"line":15,"column":4},"end":{"line":15,"column":null}},"8":{"start":{"line":18,"column":2},"end":{"line":28,"column":null}},"9":{"start":{"line":19,"column":19},"end":{"line":19,"column":null}},"10":{"start":{"line":20,"column":4},"end":{"line":23,"column":null}},"11":{"start":{"line":21,"column":21},"end":{"line":21,"column":null}},"12":{"start":{"line":22,"column":6},"end":{"line":22,"column":null}},"13":{"start":{"line":24,"column":4},"end":{"line":24,"column":null}},"14":{"start":{"line":26,"column":20},"end":{"line":26,"column":null}},"15":{"start":{"line":27,"column":4},"end":{"line":27,"column":null}}},"fnMap":{"0":{"name":"handler","decl":{"start":{"line":7,"column":30},"end":{"line":7,"column":38}},"loc":{"start":{"line":7,"column":93},"end":{"line":29,"column":null}}}},"branchMap":{"0":{"loc":{"start":{"line":8,"column":2},"end":{"line":11,"column":null}},"type":"if","locations":[{"start":{"line":8,"column":2},"end":{"line":11,"column":null}},{"start":{},"end":{}}]},"1":{"loc":{"start":{"line":14,"column":2},"end":{"line":16,"column":null}},"type":"if","locations":[{"start":{"line":14,"column":2},"end":{"line":16,"column":null}},{"start":{},"end":{}}]},"2":{"loc":{"start":{"line":14,"column":6},"end":{"line":14,"column":37}},"type":"binary-expr","locations":[{"start":{"line":14,"column":6},"end":{"line":14,"column":32}},{"start":{"line":14,"column":32},"end":{"line":14,"column":37}}]},"3":{"loc":{"start":{"line":20,"column":4},"end":{"line":23,"column":null}},"type":"if","locations":[{"start":{"line":20,"column":4},"end":{"line":23,"column":null}},{"start":{},"end":{}}]},"4":{"loc":{"start":{"line":21,"column":21},"end":{"line":21,"column":null}},"type":"cond-expr","locations":[{"start":{"line":21,"column":56},"end":{"line":21,"column":62}},{"start":{"line":21,"column":62},"end":{"line":21,"column":null}}]},"5":{"loc":{"start":{"line":26,"column":20},"end":{"line":26,"column":null}},"type":"cond-expr","locations":[{"start":{"line":26,"column":43},"end":{"line":26,"column":54}},{"start":{"line":26,"column":57},"end":{"line":26,"column":null}}]}},"s":{"0":5,"1":1,"2":5,"3":1,"4":1,"5":4,"6":4,"7":1,"8":3,"9":3,"10":3,"11":2,"12":2,"13":1,"14":0,"15":0},"f":{"0":5},"b":{"0":[1,4],"1":[1,3],"2":[4,3],"3":[2,1],"4":[1,1],"5":[0,0]}}
,"/Users/sudheer/Desktop/recipe-1/pages/api/meals/index.ts": {"path":"/Users/sudheer/Desktop/recipe-1/pages/api/meals/index.ts","statementMap":{"0":{"start":{"line":17,"column":30},"end":{"line":17,"column":38}},"1":{"start":{"line":2,"column":64},"end":{"line":2,"column":null}},"2":{"start":{"line":8,"column":15},"end":{"line":8,"column":null}},"3":{"start":{"line":9,"column":2},"end":{"line":13,"column":null}},"4":{"start":{"line":10,"column":4},"end":{"line":12,"column":null}},"5":{"start":{"line":11,"column":6},"end":{"line":11,"column":null}},"6":{"start":{"line":11,"column":31},"end":{"line":11,"column":null}},"7":{"start":{"line":14,"column":2},"end":{"line":14,"column":null}},"8":{"start":{"line":18,"column":2},"end":{"line":21,"column":null}},"9":{"start":{"line":19,"column":4},"end":{"line":19,"column":null}},"10":{"start":{"line":20,"column":4},"end":{"line":20,"column":null}},"11":{"start":{"line":23,"column":17},"end":{"line":23,"column":null}},"12":{"start":{"line":25,"column":4},"end":{"line":30,"column":10}},"13":{"start":{"line":28,"column":22},"end":{"line":28,"column":null}},"14":{"start":{"line":32,"column":4},"end":{"line":37,"column":10}},"15":{"start":{"line":35,"column":22},"end":{"line":35,"column":null}},"16":{"start":{"line":39,"column":2},"end":{"line":82,"column":null}},"17":{"start":{"line":40,"column":4},"end":{"line":42,"column":null}},"18":{"start":{"line":41,"column":6},"end":{"line":41,"column":null}},"19":{"start":{"line":44,"column":4},"end":{"line":50,"column":null}},"20":{"start":{"line":45,"column":21},"end":{"line":45,"column":null}},"21":{"start":{"line":46,"column":6},"end":{"line":48,"column":null}},"22":{"start":{"line":47,"column":8},"end":{"line":47,"column":null}},"23":{"start":{"line":49,"column":6},"end":{"line":49,"column":null}},"24":{"start":{"line":52,"column":4},"end":{"line":64,"column":null}},"25":{"start":{"line":53,"column":35},"end":{"line":60,"column":null}},"26":{"start":{"line":54,"column":42},"end":{"line":54,"column":66}},"27":{"start":{"line":55,"column":10},"end":{"line":55,"column":null}},"28":{"start":{"line":55,"column":42},"end":{"line":55,"column":46}},"29":{"start":{"line":55,"column":59},"end":{"line":55,"column":65}},"30":{"start":{"line":57,"column":37},"end":{"line":57,"column":57}},"31":{"start":{"line":58,"column":10},"end":{"line":58,"column":null}},"32":{"start":{"line":58,"column":42},"end":{"line":58,"column":46}},"33":{"start":{"line":58,"column":59},"end":{"line":58,"column":65}},"34":{"start":{"line":61,"column":26},"end":{"line":61,"column":null}},"35":{"start":{"line":61,"column":56},"end":{"line":61,"column":64}},"36":{"start":{"line":62,"column":27},"end":{"line":62,"column":null}},"37":{"start":{"line":62,"column":48},"end":{"line":62,"column":null}},"38":{"start":{"line":63,"column":6},"end":{"line":63,"column":null}},"39":{"start":{"line":66,"column":4},"end":{"line":70,"column":null}},"40":{"start":{"line":67,"column":22},"end":{"line":67,"column":null}},"41":{"start":{"line":67,"column":62},"end":{"line":67,"column":null}},"42":{"start":{"line":68,"column":20},"end":{"line":68,"column":null}},"43":{"start":{"line":68,"column":52},"end":{"line":68,"column":56}},"44":{"start":{"line":68,"column":69},"end":{"line":68,"column":75}},"45":{"start":{"line":69,"column":6},"end":{"line":69,"column":null}},"46":{"start":{"line":72,"column":4},"end":{"line":76,"column":null}},"47":{"start":{"line":73,"column":22},"end":{"line":73,"column":null}},"48":{"start":{"line":73,"column":57},"end":{"line":73,"column":null}},"49":{"start":{"line":74,"column":20},"end":{"line":74,"column":null}},"50":{"start":{"line":74,"column":52},"end":{"line":74,"column":56}},"51":{"start":{"line":74,"column":69},"end":{"line":74,"column":75}},"52":{"start":{"line":75,"column":6},"end":{"line":75,"column":null}},"53":{"start":{"line":78,"column":4},"end":{"line":78,"column":null}},"54":{"start":{"line":80,"column":20},"end":{"line":80,"column":null}},"55":{"start":{"line":81,"column":4},"end":{"line":81,"column":null}}},"fnMap":{"0":{"name":"mergeById","decl":{"start":{"line":7,"column":9},"end":{"line":7,"column":19}},"loc":{"start":{"line":7,"column":42},"end":{"line":15,"column":null}}},"1":{"name":"handler","decl":{"start":{"line":17,"column":30},"end":{"line":17,"column":38}},"loc":{"start":{"line":17,"column":93},"end":{"line":83,"column":null}}},"2":{"name":"(anonymous_3)","decl":{"start":{"line":28,"column":15},"end":{"line":28,"column":16}},"loc":{"start":{"line":28,"column":22},"end":{"line":28,"column":null}}},"3":{"name":"(anonymous_4)","decl":{"start":{"line":35,"column":15},"end":{"line":35,"column":16}},"loc":{"start":{"line":35,"column":22},"end":{"line":35,"column":null}}},"4":{"name":"(anonymous_5)","decl":{"start":{"line":54,"column":35},"end":{"line":54,"column":36}},"loc":{"start":{"line":54,"column":42},"end":{"line":54,"column":66}}},"5":{"name":"(anonymous_6)","decl":{"start":{"line":54,"column":71},"end":{"line":54,"column":72}},"loc":{"start":{"line":55,"column":10},"end":{"line":55,"column":null}}},"6":{"name":"(anonymous_7)","decl":{"start":{"line":55,"column":35},"end":{"line":55,"column":36}},"loc":{"start":{"line":55,"column":42},"end":{"line":55,"column":46}}},"7":{"name":"(anonymous_8)","decl":{"start":{"line":55,"column":52},"end":{"line":55,"column":53}},"loc":{"start":{"line":55,"column":59},"end":{"line":55,"column":65}}},"8":{"name":"(anonymous_9)","decl":{"start":{"line":57,"column":30},"end":{"line":57,"column":31}},"loc":{"start":{"line":57,"column":37},"end":{"line":57,"column":57}}},"9":{"name":"(anonymous_10)","decl":{"start":{"line":57,"column":62},"end":{"line":57,"column":63}},"loc":{"start":{"line":58,"column":10},"end":{"line":58,"column":null}}},"10":{"name":"(anonymous_11)","decl":{"start":{"line":58,"column":35},"end":{"line":58,"column":36}},"loc":{"start":{"line":58,"column":42},"end":{"line":58,"column":46}}},"11":{"name":"(anonymous_12)","decl":{"start":{"line":58,"column":52},"end":{"line":58,"column":53}},"loc":{"start":{"line":58,"column":59},"end":{"line":58,"column":65}}},"12":{"name":"(anonymous_13)","decl":{"start":{"line":61,"column":49},"end":{"line":61,"column":50}},"loc":{"start":{"line":61,"column":56},"end":{"line":61,"column":64}}},"13":{"name":"(anonymous_14)","decl":{"start":{"line":62,"column":41},"end":{"line":62,"column":42}},"loc":{"start":{"line":62,"column":48},"end":{"line":62,"column":null}}},"14":{"name":"(anonymous_15)","decl":{"start":{"line":67,"column":55},"end":{"line":67,"column":56}},"loc":{"start":{"line":67,"column":62},"end":{"line":67,"column":null}}},"15":{"name":"(anonymous_16)","decl":{"start":{"line":68,"column":45},"end":{"line":68,"column":46}},"loc":{"start":{"line":68,"column":52},"end":{"line":68,"column":56}}},"16":{"name":"(anonymous_17)","decl":{"start":{"line":68,"column":62},"end":{"line":68,"column":63}},"loc":{"start":{"line":68,"column":69},"end":{"line":68,"column":75}}},"17":{"name":"(anonymous_18)","decl":{"start":{"line":73,"column":50},"end":{"line":73,"column":51}},"loc":{"start":{"line":73,"column":57},"end":{"line":73,"column":null}}},"18":{"name":"(anonymous_19)","decl":{"start":{"line":74,"column":45},"end":{"line":74,"column":46}},"loc":{"start":{"line":74,"column":52},"end":{"line":74,"column":56}}},"19":{"name":"(anonymous_20)","decl":{"start":{"line":74,"column":62},"end":{"line":74,"column":63}},"loc":{"start":{"line":74,"column":69},"end":{"line":74,"column":75}}}},"branchMap":{"0":{"loc":{"start":{"line":11,"column":6},"end":{"line":11,"column":null}},"type":"if","locations":[{"start":{"line":11,"column":6},"end":{"line":11,"column":null}},{"start":{},"end":{}}]},"1":{"loc":{"start":{"line":18,"column":2},"end":{"line":21,"column":null}},"type":"if","locations":[{"start":{"line":18,"column":2},"end":{"line":21,"column":null}},{"start":{},"end":{}}]},"2":{"loc":{"start":{"line":23,"column":17},"end":{"line":23,"column":null}},"type":"cond-expr","locations":[{"start":{"line":23,"column":56},"end":{"line":23,"column":82}},{"start":{"line":23,"column":82},"end":{"line":23,"column":null}}]},"3":{"loc":{"start":{"line":25,"column":4},"end":{"line":30,"column":10}},"type":"cond-expr","locations":[{"start":{"line":26,"column":8},"end":{"line":29,"column":null}},{"start":{"line":30,"column":8},"end":{"line":30,"column":10}}]},"4":{"loc":{"start":{"line":32,"column":4},"end":{"line":37,"column":10}},"type":"cond-expr","locations":[{"start":{"line":33,"column":8},"end":{"line":36,"column":null}},{"start":{"line":37,"column":8},"end":{"line":37,"column":10}}]},"5":{"loc":{"start":{"line":40,"column":4},"end":{"line":42,"column":null}},"type":"if","locations":[{"start":{"line":40,"column":4},"end":{"line":42,"column":null}},{"start":{},"end":{}}]},"6":{"loc":{"start":{"line":40,"column":8},"end":{"line":40,"column":66}},"type":"binary-expr","locations":[{"start":{"line":40,"column":8},"end":{"line":40,"column":19}},{"start":{"line":40,"column":19},"end":{"line":40,"column":46}},{"start":{"line":40,"column":46},"end":{"line":40,"column":66}}]},"7":{"loc":{"start":{"line":44,"column":4},"end":{"line":50,"column":null}},"type":"if","locations":[{"start":{"line":44,"column":4},"end":{"line":50,"column":null}},{"start":{},"end":{}}]},"8":{"loc":{"start":{"line":46,"column":6},"end":{"line":48,"column":null}},"type":"if","locations":[{"start":{"line":46,"column":6},"end":{"line":48,"column":null}},{"start":{},"end":{}}]},"9":{"loc":{"start":{"line":52,"column":4},"end":{"line":64,"column":null}},"type":"if","locations":[{"start":{"line":52,"column":4},"end":{"line":64,"column":null}},{"start":{},"end":{}}]},"10":{"loc":{"start":{"line":52,"column":8},"end":{"line":52,"column":51}},"type":"binary-expr","locations":[{"start":{"line":52,"column":8},"end":{"line":52,"column":33}},{"start":{"line":52,"column":33},"end":{"line":52,"column":51}}]},"11":{"loc":{"start":{"line":66,"column":4},"end":{"line":70,"column":null}},"type":"if","locations":[{"start":{"line":66,"column":4},"end":{"line":70,"column":null}},{"start":{},"end":{}}]},"12":{"loc":{"start":{"line":72,"column":4},"end":{"line":76,"column":null}},"type":"if","locations":[{"start":{"line":72,"column":4},"end":{"line":76,"column":null}},{"start":{},"end":{}}]},"13":{"loc":{"start":{"line":80,"column":20},"end":{"line":80,"column":null}},"type":"cond-expr","locations":[{"start":{"line":80,"column":43},"end":{"line":80,"column":54}},{"start":{"line":80,"column":57},"end":{"line":80,"column":null}}]}},"s":{"0":6,"1":1,"2":2,"3":2,"4":2,"5":2,"6":2,"7":2,"8":6,"9":1,"10":1,"11":5,"12":5,"13":1,"14":5,"15":1,"16":5,"17":5,"18":1,"19":4,"20":2,"21":2,"22":1,"23":1,"24":2,"25":0,"26":0,"27":0,"28":0,"29":0,"30":0,"31":0,"32":0,"33":0,"34":0,"35":0,"36":0,"37":0,"38":0,"39":2,"40":1,"41":1,"42":1,"43":1,"44":1,"45":1,"46":1,"47":1,"48":1,"49":1,"50":1,"51":1,"52":1,"53":0,"54":0,"55":0},"f":{"0":2,"1":6,"2":1,"3":1,"4":0,"5":0,"6":0,"7":0,"8":0,"9":0,"10":0,"11":0,"12":0,"13":0,"14":1,"15":1,"16":1,"17":1,"18":1,"19":1},"b":{"0":[2,0],"1":[1,5],"2":[2,3],"3":[1,4],"4":[1,4],"5":[1,4],"6":[5,3,2],"7":[2,2],"8":[1,1],"9":[0,2],"10":[2,1],"11":[1,1],"12":[1,0],"13":[0,0]}}
,"/Users/sudheer/Desktop/recipe-1/pages/meals/[id].tsx": {"path":"/Users/sudheer/Desktop/recipe-1/pages/meals/[id].tsx","statementMap":{"0":{"start":{"line":21,"column":24},"end":{"line":21,"column":null}},"1":{"start":{"line":1,"column":26},"end":{"line":1,"column":null}},"2":{"start":{"line":2,"column":25},"end":{"line":2,"column":null}},"3":{"start":{"line":3,"column":35},"end":{"line":3,"column":null}},"4":{"start":{"line":4,"column":30},"end":{"line":4,"column":null}},"5":{"start":{"line":5,"column":53},"end":{"line":5,"column":null}},"6":{"start":{"line":6,"column":25},"end":{"line":6,"column":null}},"7":{"start":{"line":7,"column":23},"end":{"line":7,"column":null}},"8":{"start":{"line":8,"column":27},"end":{"line":8,"column":null}},"9":{"start":{"line":9,"column":25},"end":{"line":9,"column":null}},"10":{"start":{"line":10,"column":34},"end":{"line":10,"column":null}},"11":{"start":{"line":12,"column":21},"end":{"line":12,"column":null}},"12":{"start":{"line":15,"column":31},"end":{"line":15,"column":null}},"13":{"start":{"line":16,"column":16},"end":{"line":16,"column":null}},"14":{"start":{"line":17,"column":13},"end":{"line":17,"column":null}},"15":{"start":{"line":18,"column":2},"end":{"line":18,"column":null}},"16":{"start":{"line":22,"column":17},"end":{"line":22,"column":null}},"17":{"start":{"line":23,"column":17},"end":{"line":23,"column":29}},"18":{"start":{"line":24,"column":17},"end":{"line":24,"column":null}},"19":{"start":{"line":25,"column":19},"end":{"line":25,"column":null}},"20":{"start":{"line":32,"column":6},"end":{"line":36,"column":null}},"21":{"start":{"line":34,"column":19},"end":{"line":34,"column":null}},"22":{"start":{"line":38,"column":16},"end":{"line":38,"column":null}},"23":{"start":{"line":40,"column":2},"end":{"line":42,"column":null}},"24":{"start":{"line":41,"column":4},"end":{"line":41,"column":null}},"25":{"start":{"line":44,"column":2},"end":{"line":50,"column":null}},"26":{"start":{"line":52,"column":2},"end":{"line":62,"column":null}},"27":{"start":{"line":59,"column":51},"end":{"line":59,"column":null}},"28":{"start":{"line":64,"column":2},"end":{"line":71,"column":null}},"29":{"start":{"line":73,"column":22},"end":{"line":73,"column":null}},"30":{"start":{"line":75,"column":4},"end":{"line":76,"column":81}}},"fnMap":{"0":{"name":"getBackHref","decl":{"start":{"line":14,"column":9},"end":{"line":14,"column":21}},"loc":{"start":{"line":14,"column":73},"end":{"line":19,"column":null}}},"1":{"name":"MealDetailPage","decl":{"start":{"line":21,"column":24},"end":{"line":21,"column":null}},"loc":{"start":{"line":21,"column":24},"end":{"line":84,"column":null}}},"2":{"name":"(anonymous_4)","decl":{"start":{"line":34,"column":13},"end":{"line":34,"column":19}},"loc":{"start":{"line":34,"column":19},"end":{"line":34,"column":null}}},"3":{"name":"(anonymous_5)","decl":{"start":{"line":59,"column":45},"end":{"line":59,"column":51}},"loc":{"start":{"line":59,"column":51},"end":{"line":59,"column":null}}}},"branchMap":{"0":{"loc":{"start":{"line":18,"column":9},"end":{"line":18,"column":null}},"type":"cond-expr","locations":[{"start":{"line":18,"column":14},"end":{"line":18,"column":22}},{"start":{"line":18,"column":25},"end":{"line":18,"column":null}}]},"1":{"loc":{"start":{"line":24,"column":17},"end":{"line":24,"column":null}},"type":"cond-expr","locations":[{"start":{"line":24,"column":42},"end":{"line":24,"column":47}},{"start":{"line":24,"column":47},"end":{"line":24,"column":null}}]},"2":{"loc":{"start":{"line":38,"column":16},"end":{"line":38,"column":null}},"type":"cond-expr","locations":[{"start":{"line":38,"column":29},"end":{"line":38,"column":58}},{"start":{"line":38,"column":61},"end":{"line":38,"column":null}}]},"3":{"loc":{"start":{"line":40,"column":2},"end":{"line":42,"column":null}},"type":"if","locations":[{"start":{"line":40,"column":2},"end":{"line":42,"column":null}},{"start":{},"end":{}}]},"4":{"loc":{"start":{"line":40,"column":6},"end":{"line":40,"column":32}},"type":"binary-expr","locations":[{"start":{"line":40,"column":6},"end":{"line":40,"column":25}},{"start":{"line":40,"column":25},"end":{"line":40,"column":32}}]},"5":{"loc":{"start":{"line":44,"column":2},"end":{"line":50,"column":null}},"type":"if","locations":[{"start":{"line":44,"column":2},"end":{"line":50,"column":null}},{"start":{},"end":{}}]},"6":{"loc":{"start":{"line":52,"column":2},"end":{"line":62,"column":null}},"type":"if","locations":[{"start":{"line":52,"column":2},"end":{"line":62,"column":null}},{"start":{},"end":{}}]},"7":{"loc":{"start":{"line":64,"column":2},"end":{"line":71,"column":null}},"type":"if","locations":[{"start":{"line":64,"column":2},"end":{"line":71,"column":null}},{"start":{},"end":{}}]},"8":{"loc":{"start":{"line":75,"column":4},"end":{"line":76,"column":81}},"type":"binary-expr","locations":[{"start":{"line":75,"column":4},"end":{"line":75,"column":null}},{"start":{"line":76,"column":4},"end":{"line":76,"column":81}}]}},"s":{"0":13,"1":1,"2":1,"3":1,"4":1,"5":1,"6":1,"7":1,"8":1,"9":1,"10":1,"11":1,"12":25,"13":25,"14":25,"15":25,"16":25,"17":25,"18":25,"19":25,"20":25,"21":13,"22":25,"23":25,"24":1,"25":24,"26":12,"27":1,"28":10,"29":9,"30":9},"f":{"0":25,"1":25,"2":13,"3":1},"b":{"0":[0,25],"1":[24,1],"2":[2,23],"3":[1,24],"4":[25,1],"5":[12,12],"6":[2,10],"7":[1,9],"8":[9,0]}}
}
