TN:
SF:components/ActiveFilters.tsx
FN:38,ActiveFilters
FN:50,(anonymous_2)
FN:56,(anonymous_3)
FN:59,(anonymous_4)
FN:65,(anonymous_5)
FN:78,FilterBadgeGroup
FN:89,FilterBadge
FNF:7
FNH:7
FNDA:16,ActiveFilters
FNDA:3,(anonymous_2)
FNDA:1,(anonymous_3)
FNDA:2,(anonymous_4)
FNDA:1,(anonymous_5)
FNDA:3,FilterBadgeGroup
FNDA:5,FilterBadge
DA:38,17
DA:44,16
DA:45,13
DA:51,3
DA:56,1
DA:60,2
DA:65,1
DA:90,5
LF:8
LH:8
BRDA:44,0,0,13
BRDA:44,0,1,3
BRDA:44,1,0,16
BRDA:44,1,1,14
BRF:4
BRH:4
end_of_record
TN:
SF:components/EmptyState.tsx
FN:35,EmptyState
FNF:1
FNH:1
FNDA:8,EmptyState
DA:35,8
DA:40,8
LF:2
LH:2
BRDA:36,0,0,1
BRDA:37,1,0,1
BRDA:38,2,0,1
BRDA:40,3,0,8
BRDA:40,3,1,8
BRDA:40,3,2,8
BRDA:44,4,0,0
BRDA:44,4,1,8
BRDA:47,5,0,0
BRDA:47,5,1,8
BRDA:48,6,0,0
BRDA:48,6,1,8
BRF:12
BRH:9
end_of_record
TN:
SF:components/ErrorState.tsx
FN:6,ErrorState
FN:28,ErrorIcon
FNF:2
FNH:2
FNDA:8,ErrorState
FNDA:8,ErrorIcon
DA:6,8
LF:1
LH:1
BRDA:16,0,0,8
BRF:1
BRH:1
end_of_record
TN:
SF:components/Pagination.tsx
FN:19,getPageNumbers
FN:84,Pagination
FN:95,(anonymous_3)
FN:101,(anonymous_4)
FN:112,(anonymous_5)
FN:125,(anonymous_6)
FN:142,PaginationButton
FN:163,PaginationEllipsis
FN:176,PaginationPrevious
FN:199,PaginationNext
FNF:10
FNH:10
FNDA:7,getPageNumbers
FNDA:9,Pagination
FNDA:1,(anonymous_3)
FNDA:33,(anonymous_4)
FNDA:1,(anonymous_5)
FNDA:1,(anonymous_6)
FNDA:31,PaginationButton
FNDA:2,PaginationEllipsis
FNDA:7,PaginationPrevious
FNDA:7,PaginationNext
DA:20,7
DA:21,7
DA:22,7
DA:24,7
DA:26,6
DA:27,24
DA:29,6
DA:33,1
DA:36,1
DA:37,1
DA:39,1
DA:40,1
DA:43,1
DA:44,1
DA:48,1
DA:49,5
DA:53,1
DA:54,1
DA:58,1
DA:60,1
DA:84,10
DA:85,9
DA:86,2
DA:89,7
DA:95,1
DA:102,33
DA:103,2
DA:106,31
DA:107,31
DA:109,31
DA:112,1
DA:125,1
DA:177,7
DA:200,7
LF:34
LH:34
BRDA:24,0,0,6
BRDA:24,0,1,1
BRDA:43,1,0,1
BRDA:43,1,1,0
BRDA:53,2,0,1
BRDA:53,2,1,0
BRDA:85,3,0,2
BRDA:85,3,1,7
BRDA:95,4,0,5
BRDA:95,4,1,2
BRDA:102,5,0,2
BRDA:102,5,1,31
BRDA:115,6,0,7
BRDA:115,6,1,24
BRDA:125,7,0,6
BRDA:125,7,1,1
BRDA:144,8,0,0
BRDA:152,9,0,7
BRDA:152,9,1,24
BRDA:177,10,0,2
BRDA:177,10,1,5
BRDA:177,11,0,7
BRDA:177,11,1,5
BRDA:200,12,0,1
BRDA:200,12,1,6
BRDA:200,13,0,7
BRDA:200,13,1,6
BRF:27
BRH:24
end_of_record
TN:
SF:components/SearchBar.tsx
FN:34,SearchBar
FN:41,(anonymous_2)
FN:74,SearchInput
FN:80,(anonymous_4)
FN:92,SearchButton
FNF:5
FNH:5
FNDA:20,SearchBar
FNDA:1,(anonymous_2)
FNDA:20,SearchInput
FNDA:5,(anonymous_4)
FNDA:20,SearchButton
DA:1,2
DA:34,16
DA:39,20
DA:41,20
DA:42,1
DA:43,1
DA:80,5
LF:7
LH:7
BRDA:35,0,0,8
BRDA:36,1,0,8
BRF:2
BRH:2
end_of_record
TN:
SF:components/SearchResultsState.tsx
FN:6,SearchResultsState
FNF:1
FNH:1
FNDA:17,SearchResultsState
DA:6,18
DA:7,17
DA:16,13
LF:3
LH:3
BRDA:7,0,0,4
BRDA:7,0,1,13
BRDA:16,1,0,8
BRDA:16,1,1,5
BRDA:16,2,0,2
BRDA:16,2,1,3
BRF:6
BRH:6
end_of_record
TN:
SF:components/FilterPanel/ChevronIcon.tsx
FN:5,ChevronIcon
FNF:1
FNH:1
FNDA:24,ChevronIcon
DA:5,24
LF:1
LH:1
BRDA:8,0,0,24
BRDA:8,0,1,0
BRF:2
BRH:1
end_of_record
TN:
SF:components/FilterPanel/FilterCheckbox.tsx
FN:10,FilterCheckbox
FNF:1
FNH:1
FNDA:4,FilterCheckbox
DA:1,2
DA:10,4
DA:11,4
LF:3
LH:3
BRF:0
BRH:0
end_of_record
TN:
SF:components/FilterPanel/FilterCheckboxGroup.tsx
FN:10,FilterCheckboxGroup
FN:22,(anonymous_2)
FN:27,(anonymous_3)
FNF:3
FNH:2
FNDA:24,FilterCheckboxGroup
FNDA:4,(anonymous_2)
FNDA:0,(anonymous_3)
DA:1,2
DA:10,24
DA:16,24
DA:23,4
DA:27,0
LF:5
LH:4
BRDA:16,0,0,20
BRDA:16,0,1,4
BRF:2
BRH:2
end_of_record
TN:
SF:components/FilterPanel/FilterPanel.tsx
FN:39,FilterPanel
FN:51,(anonymous_2)
FN:52,(anonymous_3)
FN:55,(anonymous_4)
FN:56,(anonymous_5)
FN:69,(anonymous_6)
FN:78,(anonymous_7)
FNF:7
FNH:3
FNDA:12,FilterPanel
FNDA:0,(anonymous_2)
FNDA:0,(anonymous_3)
FNDA:0,(anonymous_4)
FNDA:0,(anonymous_5)
FNDA:2,(anonymous_6)
FNDA:2,(anonymous_7)
DA:1,2
DA:3,2
DA:4,2
DA:39,13
DA:48,12
DA:49,12
DA:51,12
DA:52,0
DA:55,12
DA:56,0
DA:69,2
DA:78,2
LF:12
LH:10
BRDA:46,0,0,1
BRF:1
BRH:1
end_of_record
TN:
SF:components/FilterPanel/FilterSection.tsx
FN:11,FilterSection
FNF:1
FNH:1
FNDA:24,FilterSection
DA:1,2
DA:2,2
DA:11,24
DA:12,24
LF:4
LH:4
BRDA:29,0,0,24
BRDA:29,0,1,0
BRF:2
BRH:1
end_of_record
TN:
SF:components/FilterPanel/index.ts
FNF:0
FNH:0
DA:1,13
LF:1
LH:1
BRF:0
BRH:0
end_of_record
TN:
SF:components/LoadingState/LoadingState.tsx
FN:7,LoadingState
FNF:1
FNH:1
FNDA:15,LoadingState
DA:1,3
DA:7,15
LF:2
LH:2
BRDA:7,0,0,2
BRF:1
BRH:1
end_of_record
TN:
SF:components/LoadingState/MealCardSkeleton.tsx
FN:1,MealCardSkeleton
FNF:1
FNH:1
FNDA:34,MealCardSkeleton
DA:1,34
LF:1
LH:1
BRF:0
BRH:0
end_of_record
TN:
SF:components/LoadingState/MealGridSkeleton.tsx
FN:7,MealGridSkeleton
FN:15,(anonymous_2)
FNF:2
FNH:2
FNDA:6,MealGridSkeleton
FNDA:33,(anonymous_2)
DA:1,3
DA:7,6
DA:16,33
LF:3
LH:3
BRDA:7,0,0,2
BRF:1
BRH:1
end_of_record
TN:
SF:components/LoadingState/index.ts
FNF:0
FNH:0
DA:1,15
DA:2,3
DA:3,6
LF:3
LH:3
BRF:0
BRH:0
end_of_record
TN:
SF:components/MealCard/MealCard.tsx
FN:40,MealCard
FNF:1
FNH:1
FNDA:3,MealCard
DA:1,2
DA:2,2
DA:3,2
DA:4,2
DA:5,2
DA:6,2
DA:40,4
DA:50,3
LF:8
LH:8
BRDA:46,0,0,2
BRDA:48,1,0,1
BRDA:50,2,0,1
BRDA:50,2,1,2
BRDA:58,3,0,1
BRDA:70,4,0,2
BRDA:71,5,0,2
BRF:7
BRH:7
end_of_record
TN:
SF:components/MealCard/index.ts
FNF:0
FNH:0
DA:1,4
LF:1
LH:1
BRF:0
BRH:0
end_of_record
TN:
SF:components/MealDetail/IngredientList.tsx
FN:7,IngredientList
FN:14,(anonymous_2)
FNF:2
FNH:2
FNDA:9,IngredientList
FNDA:18,(anonymous_2)
DA:7,9
DA:8,9
DA:15,18
LF:3
LH:3
BRDA:8,0,0,0
BRDA:8,0,1,9
BRF:2
BRH:1
end_of_record
TN:
SF:components/MealDetail/Instructions.tsx
FN:5,Instructions
FN:6,(anonymous_2)
FN:10,(anonymous_3)
FNF:3
FNH:3
FNDA:9,Instructions
FNDA:27,(anonymous_2)
FNDA:27,(anonymous_3)
DA:5,9
DA:6,27
DA:11,27
LF:3
LH:3
BRF:0
BRH:0
end_of_record
TN:
SF:components/MealDetail/MealDetailContent.tsx
FN:15,MealDetailContent
FN:20,(anonymous_2)
FN:47,(anonymous_3)
FNF:3
FNH:3
FNDA:9,MealDetailContent
FNDA:16,(anonymous_2)
FNDA:16,(anonymous_3)
DA:2,1
DA:3,1
DA:4,1
DA:5,1
DA:6,1
DA:13,1
DA:15,9
DA:17,9
DA:20,16
DA:48,16
LF:10
LH:10
BRDA:17,0,0,9
BRDA:17,0,1,1
BRDA:37,1,0,9
BRDA:42,2,0,9
BRDA:67,3,0,9
BRF:5
BRH:5
end_of_record
TN:
SF:components/MealDetail/YoutubeLink.tsx
FN:6,YoutubeLink
FNF:1
FNH:1
FNDA:8,YoutubeLink
DA:6,8
LF:1
LH:1
BRF:0
BRH:0
end_of_record
TN:
SF:components/MealDetail/index.ts
FNF:0
FNH:0
DA:1,9
DA:2,1
DA:3,1
DA:4,1
LF:4
LH:4
BRF:0
BRH:0
end_of_record
TN:
SF:components/ui/BackLink.tsx
FN:8,BackLink
FNF:1
FNH:1
FNDA:12,BackLink
DA:1,1
DA:8,12
LF:2
LH:2
BRDA:14,0,0,12
BRDA:14,0,1,0
BRF:2
BRH:1
end_of_record
TN:
SF:components/ui/CardContent.tsx
FN:5,CardContent
FNF:1
FNH:1
FNDA:3,CardContent
DA:5,3
LF:1
LH:1
BRF:0
BRH:0
end_of_record
TN:
SF:components/ui/CardTags.tsx
FN:5,CardTags
FNF:1
FNH:1
FNDA:3,CardTags
DA:5,3
LF:1
LH:1
BRF:0
BRH:0
end_of_record
TN:
SF:components/ui/CardTitle.tsx
FN:6,CardTitle
FNF:1
FNH:1
FNDA:3,CardTitle
DA:6,3
LF:1
LH:1
BRDA:6,0,0,3
BRF:1
BRH:1
end_of_record
TN:
SF:components/ui/CoverImage.tsx
FN:14,CoverImage
FNF:1
FNH:1
FNDA:12,CoverImage
DA:1,3
DA:12,3
DA:14,12
LF:3
LH:3
BRDA:17,0,0,0
BRDA:18,1,0,3
BRDA:19,2,0,12
BRDA:20,3,0,3
BRDA:29,4,0,10
BRDA:29,4,1,2
BRDA:30,5,0,10
BRDA:30,5,1,2
BRF:8
BRH:7
end_of_record
TN:
SF:components/ui/LinkCard.tsx
FN:8,LinkCard
FNF:1
FNH:1
FNDA:3,LinkCard
DA:1,2
DA:8,3
LF:2
LH:2
BRF:0
BRH:0
end_of_record
TN:
SF:components/ui/PageLayout.tsx
FN:9,PageLayout
FNF:1
FNH:1
FNDA:24,PageLayout
DA:1,1
DA:9,24
LF:2
LH:2
BRDA:14,0,0,24
BRF:1
BRH:1
end_of_record
TN:
SF:components/ui/Spinner.tsx
FN:1,Spinner
FNF:1
FNH:1
FNDA:15,Spinner
DA:1,15
LF:1
LH:1
BRF:0
BRH:0
end_of_record
TN:
SF:components/ui/Tag.tsx
FN:15,Tag
FNF:1
FNH:1
FNDA:36,Tag
DA:9,3
DA:15,36
DA:16,36
LF:3
LH:3
BRDA:15,0,0,2
BRDA:16,1,0,34
BRDA:16,1,1,2
BRF:3
BRH:3
end_of_record
TN:
SF:hooks/useMealsQuery.ts
FN:8,useMealsQuery
FN:25,(anonymous_2)
FN:31,(anonymous_3)
FN:35,(anonymous_4)
FN:40,(anonymous_5)
FN:42,(anonymous_6)
FN:47,(anonymous_7)
FN:49,(anonymous_8)
FN:60,(anonymous_9)
FNF:9
FNH:9
FNDA:25,useMealsQuery
FNDA:5,(anonymous_2)
FNDA:19,(anonymous_3)
FNDA:4,(anonymous_4)
FNDA:10,(anonymous_5)
FNDA:4,(anonymous_6)
FNDA:25,(anonymous_7)
FNDA:10,(anonymous_8)
FNDA:10,(anonymous_9)
DA:1,2
DA:2,2
DA:4,2
DA:5,2
DA:6,2
DA:8,25
DA:9,25
DA:11,25
DA:17,25
DA:23,25
DA:25,5
DA:29,25
DA:31,25
DA:32,19
DA:33,19
DA:35,4
DA:39,25
DA:40,10
DA:42,4
DA:47,25
DA:48,25
DA:49,25
DA:50,10
DA:51,10
DA:52,10
DA:53,6
DA:56,25
DA:60,25
DA:62,25
DA:63,25
DA:64,25
DA:66,25
LF:32
LH:32
BRDA:9,0,0,25
BRDA:9,0,1,10
BRDA:9,0,2,10
BRDA:29,1,0,15
BRDA:29,1,1,10
BRDA:29,2,0,15
BRDA:29,2,1,5
BRDA:52,3,0,6
BRDA:52,3,1,4
BRDA:52,4,0,10
BRDA:52,4,1,10
BRDA:60,5,0,25
BRDA:60,5,1,10
BRDA:60,6,0,10
BRDA:60,6,1,6
BRDA:62,7,0,25
BRDA:62,7,1,15
BRDA:62,7,2,10
BRDA:63,8,0,25
BRDA:63,8,1,20
BRDA:64,9,0,0
BRDA:64,9,1,25
BRDA:72,10,0,25
BRDA:72,10,1,13
BRDA:73,11,0,25
BRDA:73,11,1,13
BRDA:74,12,0,25
BRDA:74,12,1,12
BRF:28
BRH:27
end_of_record
TN:
SF:hooks/useUrlState.ts
FN:9,queryFromSearch
FN:12,(anonymous_2)
FN:18,useUrlState
FN:29,(anonymous_4)
FN:41,(anonymous_5)
FN:65,(anonymous_6)
FN:66,(anonymous_7)
FN:74,(anonymous_8)
FN:81,(anonymous_9)
FN:83,(anonymous_10)
FN:91,(anonymous_11)
FN:93,(anonymous_12)
FN:101,(anonymous_13)
FN:102,(anonymous_14)
FN:109,(anonymous_15)
FN:110,(anonymous_16)
FN:117,(anonymous_17)
FNF:17
FNH:12
FNDA:13,queryFromSearch
FNDA:0,(anonymous_2)
FNDA:25,useUrlState
FNDA:16,(anonymous_4)
FNDA:13,(anonymous_5)
FNDA:22,(anonymous_6)
FNDA:22,(anonymous_7)
FNDA:5,(anonymous_8)
FNDA:5,(anonymous_9)
FNDA:0,(anonymous_10)
FNDA:3,(anonymous_11)
FNDA:0,(anonymous_12)
FNDA:1,(anonymous_13)
FNDA:0,(anonymous_14)
FNDA:1,(anonymous_15)
FNDA:0,(anonymous_16)
FNDA:1,(anonymous_17)
DA:1,2
DA:2,2
DA:3,2
DA:7,2
DA:10,13
DA:11,13
DA:12,13
DA:13,0
DA:15,13
DA:18,25
DA:19,25
DA:20,25
DA:22,25
DA:28,25
DA:30,16
DA:37,16
DA:38,16
DA:39,16
DA:41,16
DA:42,13
DA:43,13
DA:45,0
DA:49,16
DA:50,5
DA:51,1
DA:53,5
DA:55,11
DA:56,1
DA:57,1
DA:59,11
DA:65,25
DA:66,22
DA:67,22
DA:68,3
DA:73,25
DA:75,5
DA:80,25
DA:82,5
DA:83,0
DA:85,5
DA:90,25
DA:92,3
DA:93,0
DA:95,3
DA:100,25
DA:102,1
DA:103,1
DA:108,25
DA:110,1
DA:111,1
DA:116,25
DA:118,1
DA:123,25
LF:53
LH:49
BRDA:22,0,0,12
BRDA:22,0,1,13
BRDA:24,1,0,13
BRDA:24,1,1,0
BRDA:31,2,0,16
BRDA:31,2,1,11
BRDA:32,3,0,16
BRDA:32,3,1,5
BRDA:33,4,0,16
BRDA:33,4,1,7
BRDA:34,5,0,16
BRDA:34,5,1,0
BRDA:39,6,0,14
BRDA:39,6,1,2
BRDA:42,7,0,13
BRDA:42,7,1,0
BRDA:49,8,0,5
BRDA:49,8,1,11
BRDA:50,9,0,1
BRDA:50,9,1,4
BRDA:55,10,0,1
BRDA:55,10,1,10
BRDA:67,11,0,3
BRDA:67,11,1,19
BRDA:82,12,0,0
BRDA:82,12,1,5
BRDA:92,13,0,0
BRDA:92,13,1,3
BRF:28
BRH:23
end_of_record
TN:
SF:lib/api.ts
FN:18,fetchApi
FN:51,searchMeals
FN:63,getMealById
FN:73,getMealsByCategory
FN:85,getMealsByArea
FN:97,getCategories
FN:103,getAreas
FN:109,getAllMeals
FN:127,extractIngredients
FN:145,filterMeals
FN:155,(anonymous_22)
FN:166,paginateMeals
FNF:12
FNH:12
FNDA:71,fetchApi
FNDA:3,searchMeals
FNDA:2,getMealById
FNDA:2,getMealsByCategory
FNDA:2,getMealsByArea
FNDA:2,getCategories
FNDA:2,getAreas
FNDA:3,getAllMeals
FNDA:13,extractIngredients
FNDA:6,filterMeals
FNDA:16,(anonymous_22)
FNDA:25,paginateMeals
DA:14,4
DA:18,5
DA:19,71
DA:20,71
DA:22,67
DA:23,3
DA:32,64
DA:33,64
DA:35,4
DA:36,2
DA:41,2
DA:51,3
DA:55,3
DA:59,3
DA:60,2
DA:63,2
DA:67,2
DA:68,2
DA:69,2
DA:70,2
DA:73,2
DA:77,2
DA:81,2
DA:82,2
DA:85,2
DA:89,2
DA:93,2
DA:94,2
DA:97,2
DA:98,2
DA:99,2
DA:100,2
DA:103,2
DA:104,2
DA:105,2
DA:106,2
DA:109,3
DA:110,3
DA:111,3
DA:113,3
DA:114,53
DA:115,53
DA:116,2
DA:117,1
DA:119,51
DA:120,1
DA:124,2
DA:127,13
DA:128,13
DA:130,13
DA:131,260
DA:132,260
DA:134,260
DA:135,22
DA:142,13
DA:145,6
DA:151,6
DA:152,1
DA:155,5
DA:156,16
DA:157,16
DA:159,15
DA:160,15
DA:162,15
DA:166,25
DA:171,25
DA:172,25
DA:173,25
DA:174,25
DA:176,25
LF:70
LH:70
BRDA:22,0,0,3
BRDA:22,0,1,64
BRDA:35,1,0,2
BRDA:35,1,1,2
BRDA:35,2,0,4
BRDA:35,2,1,3
BRDA:45,3,0,1
BRDA:45,3,1,1
BRDA:59,4,0,1
BRDA:59,4,1,2
BRDA:60,5,0,2
BRDA:60,5,1,1
BRDA:68,6,0,0
BRDA:68,6,1,2
BRDA:69,7,0,2
BRDA:69,7,1,1
BRDA:81,8,0,0
BRDA:81,8,1,2
BRDA:82,9,0,2
BRDA:82,9,1,1
BRDA:93,10,0,0
BRDA:93,10,1,2
BRDA:94,11,0,2
BRDA:94,11,1,1
BRDA:99,12,0,0
BRDA:99,12,1,2
BRDA:100,13,0,2
BRDA:100,13,1,1
BRDA:105,14,0,0
BRDA:105,14,1,2
BRDA:106,15,0,2
BRDA:106,15,1,1
BRDA:115,16,0,2
BRDA:115,16,1,51
BRDA:116,17,0,1
BRDA:116,17,1,1
BRDA:119,18,0,1
BRDA:119,18,1,50
BRDA:134,19,0,22
BRDA:134,19,1,238
BRDA:134,20,0,260
BRDA:134,20,1,22
BRDA:137,21,0,22
BRDA:137,21,1,1
BRDA:151,22,0,1
BRDA:151,22,1,5
BRDA:151,23,0,6
BRDA:151,23,1,2
BRDA:157,24,0,1
BRDA:157,24,1,15
BRDA:159,25,0,15
BRDA:159,25,1,12
BRDA:160,26,0,15
BRDA:160,26,1,6
BRDA:162,27,0,15
BRDA:162,27,1,6
BRF:56
BRH:51
end_of_record
TN:
SF:lib/apiClient.ts
FN:3,apiGet
FN:14,fetchCategories
FN:19,fetchAreas
FN:24,fetchBaseMeals
FN:37,fetchMealById
FNF:5
FNH:5
FNDA:48,apiGet
FNDA:13,fetchCategories
FNDA:13,fetchAreas
FNDA:5,fetchBaseMeals
FNDA:17,fetchMealById
DA:5,48
DA:6,48
DA:7,47
DA:8,45
DA:9,0
DA:11,45
DA:14,25
DA:15,13
DA:16,13
DA:19,25
DA:20,13
DA:21,13
DA:24,5
DA:29,5
DA:30,5
DA:31,5
DA:32,5
DA:33,5
DA:34,5
DA:37,17
DA:38,17
DA:39,14
LF:22
LH:21
BRDA:5,0,0,5
BRDA:5,0,1,43
BRDA:5,1,0,48
BRDA:5,1,1,5
BRDA:8,2,0,0
BRDA:8,2,1,45
BRDA:9,3,0,0
BRDA:9,3,1,0
BRDA:30,4,0,5
BRDA:30,4,1,0
BRDA:31,5,0,0
BRDA:31,5,1,5
BRDA:32,6,0,0
BRDA:32,6,1,5
BRF:14
BRH:8
end_of_record
TN:
SF:lib/queryParams.ts
FN:15,parseString
FN:21,parseStringArray
FN:25,(anonymous_8)
FN:30,(anonymous_9)
FN:31,(anonymous_10)
FN:37,parsePositiveInt
FN:45,parseQueryParams
FN:54,buildQueryParams
FN:76,stateToQueryString
FN:82,isDefaultState
FNF:10
FNH:10
FNDA:134,parseString
FNDA:134,parseStringArray
FNDA:14,(anonymous_8)
FNDA:4,(anonymous_9)
FNDA:4,(anonymous_10)
FNDA:67,parsePositiveInt
FNDA:67,parseQueryParams
FNDA:57,buildQueryParams
FNDA:28,stateToQueryString
FNDA:5,isDefaultState
DA:4,5
DA:11,5
DA:13,20
DA:16,134
DA:17,121
DA:18,119
DA:22,134
DA:23,6
DA:25,14
DA:28,128
DA:29,2
DA:30,4
DA:31,4
DA:34,126
DA:38,67
DA:39,67
DA:40,6
DA:41,6
DA:42,3
DA:45,67
DA:46,67
DA:54,29
DA:55,57
DA:57,57
DA:58,12
DA:61,57
DA:62,7
DA:65,57
DA:66,5
DA:69,57
DA:70,3
DA:73,57
DA:76,28
DA:77,28
DA:78,28
DA:79,28
DA:82,5
DA:83,5
LF:38
LH:38
BRDA:16,0,0,13
BRDA:16,0,1,121
BRDA:17,1,0,2
BRDA:17,1,1,119
BRDA:17,2,0,121
BRDA:17,2,1,2
BRDA:22,3,0,6
BRDA:22,3,1,128
BRDA:28,4,0,2
BRDA:28,4,1,126
BRDA:39,5,0,61
BRDA:39,5,1,6
BRDA:41,6,0,3
BRDA:41,6,1,3
BRDA:41,7,0,6
BRDA:41,7,1,5
BRDA:57,8,0,12
BRDA:57,8,1,45
BRDA:57,9,0,57
BRDA:57,9,1,13
BRDA:61,10,0,7
BRDA:61,10,1,50
BRDA:61,11,0,57
BRDA:61,11,1,46
BRDA:65,12,0,5
BRDA:65,12,1,52
BRDA:65,13,0,57
BRDA:65,13,1,46
BRDA:69,14,0,3
BRDA:69,14,1,54
BRDA:69,15,0,57
BRDA:69,15,1,46
BRDA:79,16,0,2
BRDA:79,16,1,26
BRDA:84,17,0,5
BRDA:84,17,1,4
BRDA:84,17,2,3
BRDA:84,17,3,2
BRF:38
BRH:38
end_of_record
TN:
SF:lib/utils.ts
FN:12,removeFromArray
FN:13,(anonymous_2)
FNF:2
FNH:2
FNDA:6,removeFromArray
FNDA:16,(anonymous_2)
DA:12,6
DA:13,16
LF:2
LH:2
BRF:0
BRH:0
end_of_record
TN:
SF:pages/_app.tsx
FN:16,App
FNF:1
FNH:0
FNDA:0,App
DA:1,0
DA:3,0
DA:5,0
DA:16,0
LF:4
LH:0
BRF:0
BRH:0
end_of_record
TN:
SF:pages/_document.tsx
FN:3,Document
FNF:1
FNH:0
FNDA:0,Document
DA:1,0
DA:3,0
LF:2
LH:0
BRF:0
BRH:0
end_of_record
TN:
SF:pages/index.tsx
FN:16,Home
FN:41,(anonymous_3)
FN:46,(anonymous_4)
FN:54,(anonymous_5)
FN:122,(anonymous_6)
FN:135,(anonymous_7)
FNF:6
FNH:3
FNDA:12,Home
FNDA:9,(anonymous_3)
FNDA:0,(anonymous_4)
FNDA:0,(anonymous_5)
FNDA:0,(anonymous_6)
FNDA:2,(anonymous_7)
DA:1,1
DA:2,1
DA:3,1
DA:4,1
DA:5,1
DA:6,1
DA:7,1
DA:8,1
DA:9,1
DA:10,1
DA:11,1
DA:12,1
DA:13,1
DA:14,1
DA:16,9
DA:18,12
DA:32,12
DA:39,12
DA:41,12
DA:42,9
DA:45,12
DA:47,0
DA:48,0
DA:53,12
DA:55,0
DA:56,0
DA:61,12
DA:62,12
DA:122,0
DA:136,2
DA:137,2
DA:138,2
LF:32
LH:27
BRDA:61,0,0,12
BRDA:61,0,1,9
BRDA:61,0,2,9
BRDA:62,1,0,12
BRDA:62,1,1,9
BRDA:62,1,2,9
BRDA:104,2,0,12
BRDA:104,2,1,9
BRDA:114,3,0,12
BRDA:114,3,1,2
BRDA:120,4,0,12
BRDA:122,5,0,12
BRDA:124,6,0,12
BRDA:132,7,0,12
BRDA:147,8,0,2
BRDA:147,8,1,0
BRF:16
BRH:15
end_of_record
TN:
SF:pages/api/areas.ts
FN:7,handler
FNF:1
FNH:1
FNDA:3,handler
DA:2,1
DA:7,3
DA:8,3
DA:9,1
DA:10,1
DA:13,2
DA:14,2
DA:15,2
DA:16,1
DA:18,1
DA:20,0
DA:21,0
LF:12
LH:10
BRDA:8,0,0,1
BRDA:8,0,1,2
BRDA:15,1,0,1
BRDA:15,1,1,1
BRDA:20,2,0,0
BRDA:20,2,1,0
BRF:6
BRH:4
end_of_record
TN:
SF:pages/api/categories.ts
FN:7,handler
FNF:1
FNH:1
FNDA:3,handler
DA:2,1
DA:7,3
DA:8,3
DA:9,1
DA:10,1
DA:13,2
DA:14,2
DA:15,2
DA:16,1
DA:18,1
DA:20,0
DA:21,0
LF:12
LH:10
BRDA:8,0,0,1
BRDA:8,0,1,2
BRDA:15,1,0,1
BRDA:15,1,1,1
BRDA:20,2,0,0
BRDA:20,2,1,0
BRF:6
BRH:4
end_of_record
TN:
SF:pages/api/hello.ts
FN:8,handler
FNF:1
FNH:0
FNDA:0,handler
DA:8,0
DA:12,0
LF:2
LH:0
BRF:0
BRH:0
end_of_record
TN:
SF:pages/api/meals/[id].ts
FN:7,handler
FNF:1
FNH:1
FNDA:5,handler
DA:2,1
DA:7,5
DA:8,5
DA:9,1
DA:10,1
DA:13,4
DA:14,4
DA:15,1
DA:18,3
DA:19,3
DA:20,3
DA:21,2
DA:22,2
DA:24,1
DA:26,0
DA:27,0
LF:16
LH:14
BRDA:8,0,0,1
BRDA:8,0,1,4
BRDA:14,1,0,1
BRDA:14,1,1,3
BRDA:14,2,0,4
BRDA:14,2,1,3
BRDA:20,3,0,2
BRDA:20,3,1,1
BRDA:21,4,0,1
BRDA:21,4,1,1
BRDA:26,5,0,0
BRDA:26,5,1,0
BRF:12
BRH:10
end_of_record
TN:
SF:pages/api/meals/index.ts
FN:7,mergeById
FN:17,handler
FN:28,(anonymous_3)
FN:35,(anonymous_4)
FN:54,(anonymous_5)
FN:54,(anonymous_6)
FN:55,(anonymous_7)
FN:55,(anonymous_8)
FN:57,(anonymous_9)
FN:57,(anonymous_10)
FN:58,(anonymous_11)
FN:58,(anonymous_12)
FN:61,(anonymous_13)
FN:62,(anonymous_14)
FN:67,(anonymous_15)
FN:68,(anonymous_16)
FN:68,(anonymous_17)
FN:73,(anonymous_18)
FN:74,(anonymous_19)
FN:74,(anonymous_20)
FNF:20
FNH:10
FNDA:2,mergeById
FNDA:6,handler
FNDA:1,(anonymous_3)
FNDA:1,(anonymous_4)
FNDA:0,(anonymous_5)
FNDA:0,(anonymous_6)
FNDA:0,(anonymous_7)
FNDA:0,(anonymous_8)
FNDA:0,(anonymous_9)
FNDA:0,(anonymous_10)
FNDA:0,(anonymous_11)
FNDA:0,(anonymous_12)
FNDA:0,(anonymous_13)
FNDA:0,(anonymous_14)
FNDA:1,(anonymous_15)
FNDA:1,(anonymous_16)
FNDA:1,(anonymous_17)
FNDA:1,(anonymous_18)
FNDA:1,(anonymous_19)
FNDA:1,(anonymous_20)
DA:2,1
DA:8,2
DA:9,2
DA:10,2
DA:11,2
DA:14,2
DA:17,6
DA:18,6
DA:19,1
DA:20,1
DA:23,5
DA:25,5
DA:28,1
DA:32,5
DA:35,1
DA:39,5
DA:40,5
DA:41,1
DA:44,4
DA:45,2
DA:46,2
DA:47,1
DA:49,1
DA:52,2
DA:53,0
DA:54,0
DA:55,0
DA:57,0
DA:58,0
DA:61,0
DA:62,0
DA:63,0
DA:66,2
DA:67,1
DA:68,1
DA:69,1
DA:72,1
DA:73,1
DA:74,1
DA:75,1
DA:78,0
DA:80,0
DA:81,0
LF:43
LH:32
BRDA:11,0,0,2
BRDA:11,0,1,0
BRDA:18,1,0,1
BRDA:18,1,1,5
BRDA:23,2,0,2
BRDA:23,2,1,3
BRDA:25,3,0,1
BRDA:25,3,1,4
BRDA:32,4,0,1
BRDA:32,4,1,4
BRDA:40,5,0,1
BRDA:40,5,1,4
BRDA:40,6,0,5
BRDA:40,6,1,3
BRDA:40,6,2,2
BRDA:44,7,0,2
BRDA:44,7,1,2
BRDA:46,8,0,1
BRDA:46,8,1,1
BRDA:52,9,0,0
BRDA:52,9,1,2
BRDA:52,10,0,2
BRDA:52,10,1,1
BRDA:66,11,0,1
BRDA:66,11,1,1
BRDA:72,12,0,1
BRDA:72,12,1,0
BRDA:80,13,0,0
BRDA:80,13,1,0
BRF:29
BRH:24
end_of_record
TN:
SF:pages/meals/[id].tsx
FN:14,getBackHref
FN:21,MealDetailPage
FN:34,(anonymous_4)
FN:59,(anonymous_5)
FNF:4
FNH:4
FNDA:25,getBackHref
FNDA:25,MealDetailPage
FNDA:13,(anonymous_4)
FNDA:1,(anonymous_5)
DA:1,1
DA:2,1
DA:3,1
DA:4,1
DA:5,1
DA:6,1
DA:7,1
DA:8,1
DA:9,1
DA:10,1
DA:12,1
DA:15,25
DA:16,25
DA:17,25
DA:18,25
DA:21,13
DA:22,25
DA:23,25
DA:24,25
DA:25,25
DA:32,25
DA:34,13
DA:38,25
DA:40,25
DA:41,1
DA:44,24
DA:52,12
DA:59,1
DA:64,10
DA:73,9
DA:75,9
LF:31
LH:31
BRDA:18,0,0,0
BRDA:18,0,1,25
BRDA:24,1,0,24
BRDA:24,1,1,1
BRDA:38,2,0,2
BRDA:38,2,1,23
BRDA:40,3,0,1
BRDA:40,3,1,24
BRDA:40,4,0,25
BRDA:40,4,1,1
BRDA:44,5,0,12
BRDA:44,5,1,12
BRDA:52,6,0,2
BRDA:52,6,1,10
BRDA:64,7,0,1
BRDA:64,7,1,9
BRDA:75,8,0,9
BRDA:75,8,1,0
BRF:18
BRH:16
end_of_record
